[2023-02-28 18:27:46,325: INFO/MainProcess] Connected to redis://redis:6379/0
[2023-02-28 18:27:46,340: INFO/MainProcess] mingle: searching for neighbors
[2023-02-28 18:27:47,377: INFO/MainProcess] mingle: all alone
[2023-02-28 18:27:47,408: INFO/MainProcess] celery@68e0725990e3 ready.
[2023-02-28 18:27:52,868: INFO/MainProcess] Events of group {task} enabled by remote.
[2023-02-28 18:29:20,251: INFO/MainProcess] Connected to redis://redis:6379/0
[2023-02-28 18:29:20,294: INFO/MainProcess] mingle: searching for neighbors
[2023-02-28 18:29:21,331: INFO/MainProcess] mingle: all alone
[2023-02-28 18:29:21,360: INFO/MainProcess] celery@04f094919914 ready.
[2023-02-28 18:29:25,988: INFO/MainProcess] Events of group {task} enabled by remote.
[2023-02-28 18:30:00,068: INFO/MainProcess] Task project.server.tasks.add[f7168c35-5452-4228-b544-ab3644798b7f] received
[2023-02-28 18:30:00,072: WARNING/ForkPoolWorker-1] 32
[2023-02-28 18:30:00,077: INFO/ForkPoolWorker-1] Task project.server.tasks.add[f7168c35-5452-4228-b544-ab3644798b7f] succeeded in 0.005161183000382152s: None
[2023-02-28 18:30:26,858: INFO/MainProcess] Task smartsheet_get_all_sheets[4c222bfd-f253-4a5f-9e0b-a5f522652a17] received
[2023-02-28 18:30:27,753: WARNING/ForkPoolWorker-1] {"pageNumber":1,"pageSize":100,"totalPages":1,"totalCount":4,"data":[{"id":5955209038980996,"name":"Solicitações de bases","accessLevel":"OWNER","permalink":"https://app.smartsheet.com/sheets/r6Q6pRfcX4QRFv7xHFH5Qgw7JPm9XwqwWwF3p9q1","createdAt":"2023-01-05T13:08:23Z","modifiedAt":"2023-02-28T18:04:03Z"},{"id":6536553632688004,"name":"Syngenta Direct","accessLevel":"OWNER","permalink":"https://app.smartsheet.com/sheets/Xxq7333J29m4Rf9XVHXmWrWxWMrjjcF34w28q891","createdAt":"2023-02-02T13:52:28Z","modifiedAt":"2023-02-28T16:37:51Z"},{"id":6692142480418692,"name":"Syngenta Direct - Cadastrados CASA","accessLevel":"OWNER","permalink":"https://app.smartsheet.com/sheets/323FF3ffGMW9HXhgRVPVmJFf8cRHV2HR83Q6p381","createdAt":"2023-01-05T13:02:13Z","modifiedAt":"2023-02-27T21:07:57Z"},{"id":767144263739268,"name":"Syngenta Direct - Leads aprovados","accessLevel":"OWNER","permalink":"https://app.smartsheet.com/sheets/gwwF5MG9Rh6xjr9XjpcMGp5xpc7fRhc3h6w9cFc1","createdAt":"2023-02-09T13:31:26Z","modifiedAt":"2023-02-27T21:07:08Z"}]}
[2023-02-28 18:30:27,755: INFO/ForkPoolWorker-1] Task smartsheet_get_all_sheets[4c222bfd-f253-4a5f-9e0b-a5f522652a17] succeeded in 0.8901866939995671s: 'TESTE'
[2023-02-28 18:31:00,052: INFO/MainProcess] Task project.server.tasks.add[599dba79-0836-4b1f-bc35-19280b64f6b3] received
[2023-02-28 18:31:00,055: WARNING/ForkPoolWorker-1] 32
[2023-02-28 18:31:00,056: INFO/ForkPoolWorker-1] Task project.server.tasks.add[599dba79-0836-4b1f-bc35-19280b64f6b3] succeeded in 0.0014769059998798184s: None
[2023-02-28 18:32:00,033: INFO/MainProcess] Task project.server.tasks.add[ce63ab05-18b8-49c3-934b-5435cfe2fe85] received
[2023-02-28 18:32:00,035: WARNING/ForkPoolWorker-1] 32
[2023-02-28 18:32:00,037: INFO/ForkPoolWorker-1] Task project.server.tasks.add[ce63ab05-18b8-49c3-934b-5435cfe2fe85] succeeded in 0.0013184409999666968s: None
[2023-02-28 18:33:00,090: INFO/MainProcess] Task project.server.tasks.add[facc4206-e52c-49c8-acfe-72c0dad37543] received
[2023-02-28 18:33:00,094: WARNING/ForkPoolWorker-1] 32
[2023-02-28 18:33:00,095: INFO/ForkPoolWorker-1] Task project.server.tasks.add[facc4206-e52c-49c8-acfe-72c0dad37543] succeeded in 0.0012733799994748551s: None
[2023-02-28 18:34:00,054: INFO/MainProcess] Task project.server.tasks.add[09ed1c62-7d2b-48f2-aafb-4e3138cf8884] received
[2023-02-28 18:34:00,057: WARNING/ForkPoolWorker-1] 32
[2023-02-28 18:34:00,058: INFO/ForkPoolWorker-1] Task project.server.tasks.add[09ed1c62-7d2b-48f2-aafb-4e3138cf8884] succeeded in 0.0013270079998619622s: None
[2023-02-28 18:35:00,048: INFO/MainProcess] Task project.server.tasks.add[662d36f8-10fd-47e7-bdb8-937504a2ef8f] received
[2023-02-28 18:35:00,050: WARNING/ForkPoolWorker-1] 32
[2023-02-28 18:35:00,052: INFO/ForkPoolWorker-1] Task project.server.tasks.add[662d36f8-10fd-47e7-bdb8-937504a2ef8f] succeeded in 0.0015666099989175564s: None
[2023-02-28 18:36:00,072: INFO/MainProcess] Task project.server.tasks.add[ccbbee79-8845-4e38-8a41-125f08b73e98] received
[2023-02-28 18:36:00,074: WARNING/ForkPoolWorker-1] 32
[2023-02-28 18:36:00,076: INFO/ForkPoolWorker-1] Task project.server.tasks.add[ccbbee79-8845-4e38-8a41-125f08b73e98] succeeded in 0.0015438860009453492s: None
[2023-02-28 18:37:00,006: INFO/MainProcess] Task project.server.tasks.add[04264495-970f-424c-b30d-54e6958ee87e] received
[2023-02-28 18:37:00,008: WARNING/ForkPoolWorker-1] 32
[2023-02-28 18:37:00,009: INFO/ForkPoolWorker-1] Task project.server.tasks.add[04264495-970f-424c-b30d-54e6958ee87e] succeeded in 0.0013280209986987757s: None
[2023-02-28 18:38:00,034: INFO/MainProcess] Task project.server.tasks.add[2c43da76-6b9e-4b15-ba0a-052bb0dfdb54] received
[2023-02-28 18:38:00,037: WARNING/ForkPoolWorker-1] 32
[2023-02-28 18:38:00,038: INFO/ForkPoolWorker-1] Task project.server.tasks.add[2c43da76-6b9e-4b15-ba0a-052bb0dfdb54] succeeded in 0.0014778549993934575s: None
[2023-02-28 18:39:00,065: INFO/MainProcess] Task project.server.tasks.add[e305d7ba-0881-455e-b85c-8b5639a6d0a4] received
[2023-02-28 18:39:00,067: WARNING/ForkPoolWorker-1] 32
[2023-02-28 18:39:00,068: INFO/ForkPoolWorker-1] Task project.server.tasks.add[e305d7ba-0881-455e-b85c-8b5639a6d0a4] succeeded in 0.001400224000462913s: None
[2023-02-28 18:40:00,056: INFO/MainProcess] Task project.server.tasks.add[5f1c4fa6-e92f-4085-bb04-4baeb64108bb] received
[2023-02-28 18:40:00,058: WARNING/ForkPoolWorker-1] 32
[2023-02-28 18:40:00,060: INFO/ForkPoolWorker-1] Task project.server.tasks.add[5f1c4fa6-e92f-4085-bb04-4baeb64108bb] succeeded in 0.0015805049988557585s: None
[2023-02-28 18:41:00,056: INFO/MainProcess] Task project.server.tasks.add[f8d6405e-9967-403f-9958-5cca24eb4281] received
[2023-02-28 18:41:00,059: WARNING/ForkPoolWorker-1] 32
[2023-02-28 18:41:00,060: INFO/ForkPoolWorker-1] Task project.server.tasks.add[f8d6405e-9967-403f-9958-5cca24eb4281] succeeded in 0.0015179940000962233s: None
[2023-02-28 18:42:00,057: INFO/MainProcess] Task project.server.tasks.add[8d24ee63-5998-48d8-87e7-cb032f6fea63] received
[2023-02-28 18:42:00,059: WARNING/ForkPoolWorker-1] 32
[2023-02-28 18:42:00,061: INFO/ForkPoolWorker-1] Task project.server.tasks.add[8d24ee63-5998-48d8-87e7-cb032f6fea63] succeeded in 0.0017478570007369854s: None
[2023-02-28 18:43:00,055: INFO/MainProcess] Task project.server.tasks.add[95266859-a345-468c-8f6b-94a67881c011] received
[2023-02-28 18:43:00,057: WARNING/ForkPoolWorker-1] 32
[2023-02-28 18:43:00,059: INFO/ForkPoolWorker-1] Task project.server.tasks.add[95266859-a345-468c-8f6b-94a67881c011] succeeded in 0.0014475900006800657s: None
[2023-02-28 18:44:00,066: INFO/MainProcess] Task project.server.tasks.add[c9747584-5fd7-471a-9813-3bae0c3643ea] received
[2023-02-28 18:44:00,069: WARNING/ForkPoolWorker-1] 32
[2023-02-28 18:44:00,070: INFO/ForkPoolWorker-1] Task project.server.tasks.add[c9747584-5fd7-471a-9813-3bae0c3643ea] succeeded in 0.0015111579996300861s: None
[2023-02-28 18:45:00,013: INFO/MainProcess] Task project.server.tasks.add[b72b4df8-96c4-480f-bc5d-677172b0c157] received
[2023-02-28 18:45:00,016: WARNING/ForkPoolWorker-1] 32
[2023-02-28 18:45:00,017: INFO/ForkPoolWorker-1] Task project.server.tasks.add[b72b4df8-96c4-480f-bc5d-677172b0c157] succeeded in 0.0014542669996444602s: None
[2023-02-28 18:46:00,053: INFO/MainProcess] Task project.server.tasks.add[1e101c05-88bb-40d0-b215-c4f3508bd23a] received
[2023-02-28 18:46:00,055: WARNING/ForkPoolWorker-1] 32
[2023-02-28 18:46:00,057: INFO/ForkPoolWorker-1] Task project.server.tasks.add[1e101c05-88bb-40d0-b215-c4f3508bd23a] succeeded in 0.001661944001170923s: None
[2023-02-28 18:47:00,053: INFO/MainProcess] Task project.server.tasks.add[32ae3cc6-737d-4d91-91a7-2b0714e98245] received
[2023-02-28 18:47:00,056: WARNING/ForkPoolWorker-1] 32
[2023-02-28 18:47:00,057: INFO/ForkPoolWorker-1] Task project.server.tasks.add[32ae3cc6-737d-4d91-91a7-2b0714e98245] succeeded in 0.0016627280001557665s: None
[2023-02-28 18:48:00,063: INFO/MainProcess] Task project.server.tasks.add[b7d085fd-02ae-4d4e-a2b9-9340d5a0fb9b] received
[2023-02-28 18:48:00,066: WARNING/ForkPoolWorker-1] 32
[2023-02-28 18:48:00,068: INFO/ForkPoolWorker-1] Task project.server.tasks.add[b7d085fd-02ae-4d4e-a2b9-9340d5a0fb9b] succeeded in 0.0017799849993025418s: None
[2023-02-28 18:49:00,012: INFO/MainProcess] Task project.server.tasks.add[b0f874e1-fd35-4ef6-a26b-b74054b2bc22] received
[2023-02-28 18:49:00,014: WARNING/ForkPoolWorker-1] 32
[2023-02-28 18:49:00,015: INFO/ForkPoolWorker-1] Task project.server.tasks.add[b0f874e1-fd35-4ef6-a26b-b74054b2bc22] succeeded in 0.0013940009994257707s: None
[2023-02-28 18:50:00,056: INFO/MainProcess] Task project.server.tasks.add[36eaf0d4-9ae5-4a2b-9a50-293649aa9eb8] received
[2023-02-28 18:50:00,058: WARNING/ForkPoolWorker-1] 32
[2023-02-28 18:50:00,060: INFO/ForkPoolWorker-1] Task project.server.tasks.add[36eaf0d4-9ae5-4a2b-9a50-293649aa9eb8] succeeded in 0.0015117229995667003s: None
[2023-02-28 18:51:00,054: INFO/MainProcess] Task project.server.tasks.add[c6306fa2-40c1-4809-b9fc-103de284c2ea] received
[2023-02-28 18:51:00,057: WARNING/ForkPoolWorker-1] 32
[2023-02-28 18:51:00,058: INFO/ForkPoolWorker-1] Task project.server.tasks.add[c6306fa2-40c1-4809-b9fc-103de284c2ea] succeeded in 0.001394275999700767s: None
[2023-02-28 18:52:00,049: INFO/MainProcess] Task project.server.tasks.add[9477c374-d0b6-46fa-ac3b-0393f6edfb16] received
[2023-02-28 18:52:00,052: WARNING/ForkPoolWorker-1] 32
[2023-02-28 18:52:00,053: INFO/ForkPoolWorker-1] Task project.server.tasks.add[9477c374-d0b6-46fa-ac3b-0393f6edfb16] succeeded in 0.0016034319996833801s: None
[2023-02-28 18:53:00,055: INFO/MainProcess] Task project.server.tasks.add[95984f93-62aa-425b-939a-bb595238c081] received
[2023-02-28 18:53:00,058: WARNING/ForkPoolWorker-1] 32
[2023-02-28 18:53:00,060: INFO/ForkPoolWorker-1] Task project.server.tasks.add[95984f93-62aa-425b-939a-bb595238c081] succeeded in 0.001593711000168696s: None
[2023-02-28 18:54:00,019: INFO/MainProcess] Task project.server.tasks.add[a2b7264c-6bb9-418e-bb22-e13c72e43adb] received
[2023-02-28 18:54:00,021: WARNING/ForkPoolWorker-1] 32
[2023-02-28 18:54:00,023: INFO/ForkPoolWorker-1] Task project.server.tasks.add[a2b7264c-6bb9-418e-bb22-e13c72e43adb] succeeded in 0.001521500998933334s: None
[2023-02-28 18:55:00,057: INFO/MainProcess] Task project.server.tasks.add[c0f053b5-9aa6-4c14-ab92-93c2dfb096d7] received
[2023-02-28 18:55:00,060: WARNING/ForkPoolWorker-1] 32
[2023-02-28 18:55:00,061: INFO/ForkPoolWorker-1] Task project.server.tasks.add[c0f053b5-9aa6-4c14-ab92-93c2dfb096d7] succeeded in 0.0015802840007381747s: None
[2023-02-28 18:56:00,054: INFO/MainProcess] Task project.server.tasks.add[41d2e184-dc32-45d3-afac-699b64af09a3] received
[2023-02-28 18:56:00,056: WARNING/ForkPoolWorker-1] 32
[2023-02-28 18:56:00,057: INFO/ForkPoolWorker-1] Task project.server.tasks.add[41d2e184-dc32-45d3-afac-699b64af09a3] succeeded in 0.0011897399999725167s: None
[2023-02-28 18:57:00,021: INFO/MainProcess] Task project.server.tasks.add[cc99dfe0-c4e5-4edf-8cf2-92e905407e5b] received
[2023-02-28 18:57:00,023: WARNING/ForkPoolWorker-1] 32
[2023-02-28 18:57:00,025: INFO/ForkPoolWorker-1] Task project.server.tasks.add[cc99dfe0-c4e5-4edf-8cf2-92e905407e5b] succeeded in 0.0014670279997517355s: None
[2023-02-28 18:58:00,055: INFO/MainProcess] Task project.server.tasks.add[ec7138a5-b05a-4316-89b3-c7daf121fff2] received
[2023-02-28 18:58:00,057: WARNING/ForkPoolWorker-1] 32
[2023-02-28 18:58:00,059: INFO/ForkPoolWorker-1] Task project.server.tasks.add[ec7138a5-b05a-4316-89b3-c7daf121fff2] succeeded in 0.0014467310011241352s: None
[2023-02-28 18:59:00,044: INFO/MainProcess] Task project.server.tasks.add[23941c7a-2418-4595-98f7-f7e32488b517] received
[2023-02-28 18:59:00,047: WARNING/ForkPoolWorker-1] 32
[2023-02-28 18:59:00,048: INFO/ForkPoolWorker-1] Task project.server.tasks.add[23941c7a-2418-4595-98f7-f7e32488b517] succeeded in 0.0013912180002080277s: None
[2023-02-28 19:00:00,069: INFO/MainProcess] Task project.server.tasks.add[8a23366a-a290-415f-805b-11cc5e5e413c] received
[2023-02-28 19:00:00,071: WARNING/ForkPoolWorker-1] 32
[2023-02-28 19:00:00,073: INFO/ForkPoolWorker-1] Task project.server.tasks.add[8a23366a-a290-415f-805b-11cc5e5e413c] succeeded in 0.0014947179988666903s: None
[2023-02-28 19:00:05,025: INFO/MainProcess] Task smartsheet_get_all_sheets[9cadec4c-55f0-4028-b954-da91385d9b70] received
[2023-02-28 19:00:05,301: ERROR/ForkPoolWorker-1] Task smartsheet_get_all_sheets[9cadec4c-55f0-4028-b954-da91385d9b70] raised unexpected: ConnectionError(MaxRetryError("HTTPSConnectionPool(host='api.smartsheet.com', port=443): Max retries exceeded with url: /2.0/sheets (Caused by NewConnectionError('<urllib3.connection.HTTPSConnection object at 0x7f357e99db10>: Failed to establish a new connection: [Errno -2] Name or service not known'))"))
Traceback (most recent call last):
  File "/usr/local/lib/python3.10/site-packages/urllib3/connection.py", line 174, in _new_conn
    conn = connection.create_connection(
  File "/usr/local/lib/python3.10/site-packages/urllib3/util/connection.py", line 72, in create_connection
    for res in socket.getaddrinfo(host, port, family, socket.SOCK_STREAM):
  File "/usr/local/lib/python3.10/socket.py", line 955, in getaddrinfo
    for res in _socket.getaddrinfo(host, port, family, type, proto, flags):
socket.gaierror: [Errno -2] Name or service not known

During handling of the above exception, another exception occurred:

Traceback (most recent call last):
  File "/usr/local/lib/python3.10/site-packages/urllib3/connectionpool.py", line 703, in urlopen
    httplib_response = self._make_request(
  File "/usr/local/lib/python3.10/site-packages/urllib3/connectionpool.py", line 386, in _make_request
    self._validate_conn(conn)
  File "/usr/local/lib/python3.10/site-packages/urllib3/connectionpool.py", line 1042, in _validate_conn
    conn.connect()
  File "/usr/local/lib/python3.10/site-packages/urllib3/connection.py", line 358, in connect
    self.sock = conn = self._new_conn()
  File "/usr/local/lib/python3.10/site-packages/urllib3/connection.py", line 186, in _new_conn
    raise NewConnectionError(
urllib3.exceptions.NewConnectionError: <urllib3.connection.HTTPSConnection object at 0x7f357e99db10>: Failed to establish a new connection: [Errno -2] Name or service not known

During handling of the above exception, another exception occurred:

Traceback (most recent call last):
  File "/usr/local/lib/python3.10/site-packages/requests/adapters.py", line 489, in send
    resp = conn.urlopen(
  File "/usr/local/lib/python3.10/site-packages/urllib3/connectionpool.py", line 787, in urlopen
    retries = retries.increment(
  File "/usr/local/lib/python3.10/site-packages/urllib3/util/retry.py", line 592, in increment
    raise MaxRetryError(_pool, url, error or ResponseError(cause))
urllib3.exceptions.MaxRetryError: HTTPSConnectionPool(host='api.smartsheet.com', port=443): Max retries exceeded with url: /2.0/sheets (Caused by NewConnectionError('<urllib3.connection.HTTPSConnection object at 0x7f357e99db10>: Failed to establish a new connection: [Errno -2] Name or service not known'))

During handling of the above exception, another exception occurred:

Traceback (most recent call last):
  File "/usr/local/lib/python3.10/site-packages/celery/app/trace.py", line 451, in trace_task
    R = retval = fun(*args, **kwargs)
  File "/usr/local/lib/python3.10/site-packages/celery/app/trace.py", line 734, in __protected_call__
    return self.run(*args, **kwargs)
  File "/usr/src/app/project/server/tasks.py", line 24, in get_all_sheets
    _proccess = return_controller()
  File "/usr/src/app/project/server/smartsheet/controller.py", line 7, in get_data
  File "/usr/src/app/project/server/smartsheet/api.py", line 7, in request_all_sheets
    "Authorization": "Authorization Bearer QjhvDfbr66ag0FKz1dIi6WpZqv95bMwdMbHqk"
  File "/usr/local/lib/python3.10/site-packages/requests/api.py", line 59, in request
    return session.request(method=method, url=url, **kwargs)
  File "/usr/local/lib/python3.10/site-packages/requests/sessions.py", line 587, in request
    resp = self.send(prep, **send_kwargs)
  File "/usr/local/lib/python3.10/site-packages/requests/sessions.py", line 701, in send
    r = adapter.send(request, **kwargs)
  File "/usr/local/lib/python3.10/site-packages/requests/adapters.py", line 565, in send
    raise ConnectionError(e, request=request)
requests.exceptions.ConnectionError: HTTPSConnectionPool(host='api.smartsheet.com', port=443): Max retries exceeded with url: /2.0/sheets (Caused by NewConnectionError('<urllib3.connection.HTTPSConnection object at 0x7f357e99db10>: Failed to establish a new connection: [Errno -2] Name or service not known'))
[2023-02-28 19:00:20,741: WARNING/MainProcess] consumer: Connection to broker lost. Trying to re-establish the connection...
Traceback (most recent call last):
  File "/usr/local/lib/python3.10/site-packages/celery/worker/consumer/consumer.py", line 332, in start
    blueprint.start(self)
  File "/usr/local/lib/python3.10/site-packages/celery/bootsteps.py", line 116, in start
    step.start(parent)
  File "/usr/local/lib/python3.10/site-packages/celery/worker/consumer/consumer.py", line 628, in start
    c.loop(*c.loop_args())
  File "/usr/local/lib/python3.10/site-packages/celery/worker/loops.py", line 97, in asynloop
    next(loop)
  File "/usr/local/lib/python3.10/site-packages/kombu/asynchronous/hub.py", line 362, in create_loop
    cb(*cbargs)
  File "/usr/local/lib/python3.10/site-packages/kombu/transport/redis.py", line 1326, in on_readable
    self.cycle.on_readable(fileno)
  File "/usr/local/lib/python3.10/site-packages/kombu/transport/redis.py", line 562, in on_readable
    chan.handlers[type]()
  File "/usr/local/lib/python3.10/site-packages/kombu/transport/redis.py", line 906, in _receive
    ret.append(self._receive_one(c))
  File "/usr/local/lib/python3.10/site-packages/kombu/transport/redis.py", line 916, in _receive_one
    response = c.parse_response()
  File "/usr/local/lib/python3.10/site-packages/redis/client.py", line 1531, in parse_response
    response = self._execute(conn, try_read)
  File "/usr/local/lib/python3.10/site-packages/redis/client.py", line 1507, in _execute
    return conn.retry.call_with_retry(
  File "/usr/local/lib/python3.10/site-packages/redis/retry.py", line 49, in call_with_retry
    fail(error)
  File "/usr/local/lib/python3.10/site-packages/redis/client.py", line 1509, in <lambda>
    lambda error: self._disconnect_raise_connect(conn, error),
  File "/usr/local/lib/python3.10/site-packages/redis/client.py", line 1496, in _disconnect_raise_connect
    raise error
  File "/usr/local/lib/python3.10/site-packages/redis/retry.py", line 46, in call_with_retry
    return do()
  File "/usr/local/lib/python3.10/site-packages/redis/client.py", line 1508, in <lambda>
    lambda: command(*args, **kwargs),
  File "/usr/local/lib/python3.10/site-packages/redis/client.py", line 1529, in try_read
    return conn.read_response()
  File "/usr/local/lib/python3.10/site-packages/redis/connection.py", line 940, in read_response
    response = self._parser.read_response(disable_decoding=disable_decoding)
  File "/usr/local/lib/python3.10/site-packages/redis/connection.py", line 345, in read_response
    result = self._read_response(disable_decoding=disable_decoding)
  File "/usr/local/lib/python3.10/site-packages/redis/connection.py", line 355, in _read_response
    raw = self._buffer.readline()
  File "/usr/local/lib/python3.10/site-packages/redis/connection.py", line 258, in readline
    self._read_from_socket()
  File "/usr/local/lib/python3.10/site-packages/redis/connection.py", line 211, in _read_from_socket
    raise ConnectionError(SERVER_CLOSED_CONNECTION_ERROR)
redis.exceptions.ConnectionError: Connection closed by server.
[2023-02-28 19:00:20,761: WARNING/MainProcess] /usr/local/lib/python3.10/site-packages/celery/worker/consumer/consumer.py:367: CPendingDeprecationWarning: 
In Celery 5.1 we introduced an optional breaking change which
on connection loss cancels all currently executed tasks with late acknowledgement enabled.
These tasks cannot be acknowledged as the connection is gone, and the tasks are automatically redelivered back to the queue.
You can enable this behavior using the worker_cancel_long_running_tasks_on_connection_loss setting.
In Celery 5.1 it is set to False by default. The setting will be set to True by default in Celery 6.0.

  warnings.warn(CANCEL_TASKS_BY_DEFAULT, CPendingDeprecationWarning)

[2023-02-28 19:00:20,779: INFO/MainProcess] Connected to redis://redis:6379/0
[2023-02-28 19:00:20,809: INFO/MainProcess] mingle: searching for neighbors
[2023-02-28 19:00:21,837: INFO/MainProcess] mingle: all alone
[2023-02-28 19:00:30,710: INFO/MainProcess] Connected to redis://redis:6379/0
[2023-02-28 19:00:30,717: INFO/MainProcess] mingle: searching for neighbors
[2023-02-28 19:00:31,727: INFO/MainProcess] mingle: all alone
[2023-02-28 19:00:31,743: INFO/MainProcess] celery@04f094919914 ready.
[2023-02-28 19:00:36,615: INFO/MainProcess] Events of group {task} enabled by remote.
[2023-02-28 19:00:55,918: INFO/MainProcess] Task smartsheet_get_all_sheets[8bdaf668-204c-498d-a03c-0c1b28f62bb2] received
[2023-02-28 19:00:56,166: ERROR/ForkPoolWorker-1] Task smartsheet_get_all_sheets[8bdaf668-204c-498d-a03c-0c1b28f62bb2] raised unexpected: ConnectionError(MaxRetryError("HTTPSConnectionPool(host='api.smartsheet.com', port=443): Max retries exceeded with url: /2.0/sheets (Caused by NewConnectionError('<urllib3.connection.HTTPSConnection object at 0x7f497c2c3eb0>: Failed to establish a new connection: [Errno -2] Name or service not known'))"))
Traceback (most recent call last):
  File "/usr/local/lib/python3.10/site-packages/urllib3/connection.py", line 174, in _new_conn
    conn = connection.create_connection(
  File "/usr/local/lib/python3.10/site-packages/urllib3/util/connection.py", line 72, in create_connection
    for res in socket.getaddrinfo(host, port, family, socket.SOCK_STREAM):
  File "/usr/local/lib/python3.10/socket.py", line 955, in getaddrinfo
    for res in _socket.getaddrinfo(host, port, family, type, proto, flags):
socket.gaierror: [Errno -2] Name or service not known

During handling of the above exception, another exception occurred:

Traceback (most recent call last):
  File "/usr/local/lib/python3.10/site-packages/urllib3/connectionpool.py", line 703, in urlopen
    httplib_response = self._make_request(
  File "/usr/local/lib/python3.10/site-packages/urllib3/connectionpool.py", line 386, in _make_request
    self._validate_conn(conn)
  File "/usr/local/lib/python3.10/site-packages/urllib3/connectionpool.py", line 1042, in _validate_conn
    conn.connect()
  File "/usr/local/lib/python3.10/site-packages/urllib3/connection.py", line 358, in connect
    self.sock = conn = self._new_conn()
  File "/usr/local/lib/python3.10/site-packages/urllib3/connection.py", line 186, in _new_conn
    raise NewConnectionError(
urllib3.exceptions.NewConnectionError: <urllib3.connection.HTTPSConnection object at 0x7f497c2c3eb0>: Failed to establish a new connection: [Errno -2] Name or service not known

During handling of the above exception, another exception occurred:

Traceback (most recent call last):
  File "/usr/local/lib/python3.10/site-packages/requests/adapters.py", line 489, in send
    resp = conn.urlopen(
  File "/usr/local/lib/python3.10/site-packages/urllib3/connectionpool.py", line 787, in urlopen
    retries = retries.increment(
  File "/usr/local/lib/python3.10/site-packages/urllib3/util/retry.py", line 592, in increment
    raise MaxRetryError(_pool, url, error or ResponseError(cause))
urllib3.exceptions.MaxRetryError: HTTPSConnectionPool(host='api.smartsheet.com', port=443): Max retries exceeded with url: /2.0/sheets (Caused by NewConnectionError('<urllib3.connection.HTTPSConnection object at 0x7f497c2c3eb0>: Failed to establish a new connection: [Errno -2] Name or service not known'))

During handling of the above exception, another exception occurred:

Traceback (most recent call last):
  File "/usr/local/lib/python3.10/site-packages/celery/app/trace.py", line 451, in trace_task
    R = retval = fun(*args, **kwargs)
  File "/usr/local/lib/python3.10/site-packages/celery/app/trace.py", line 734, in __protected_call__
    return self.run(*args, **kwargs)
  File "/usr/src/app/project/server/tasks.py", line 24, in get_all_sheets
    _proccess = return_controller()
  File "/usr/src/app/project/server/smartsheet/controller.py", line 6, in return_controller
    data = payload()
  File "/usr/src/app/project/server/smartsheet/controller.py", line 12, in payload
    response_data = request_all_sheets()
  File "/usr/src/app/project/server/smartsheet/api.py", line 12, in request_all_sheets
    response = requests.request(
  File "/usr/local/lib/python3.10/site-packages/requests/api.py", line 59, in request
    return session.request(method=method, url=url, **kwargs)
  File "/usr/local/lib/python3.10/site-packages/requests/sessions.py", line 587, in request
    resp = self.send(prep, **send_kwargs)
  File "/usr/local/lib/python3.10/site-packages/requests/sessions.py", line 701, in send
    r = adapter.send(request, **kwargs)
  File "/usr/local/lib/python3.10/site-packages/requests/adapters.py", line 565, in send
    raise ConnectionError(e, request=request)
requests.exceptions.ConnectionError: HTTPSConnectionPool(host='api.smartsheet.com', port=443): Max retries exceeded with url: /2.0/sheets (Caused by NewConnectionError('<urllib3.connection.HTTPSConnection object at 0x7f497c2c3eb0>: Failed to establish a new connection: [Errno -2] Name or service not known'))
[2023-02-28 19:01:00,044: INFO/MainProcess] Task project.server.tasks.add[ff558044-a927-4598-80e3-6deacfc4f499] received
[2023-02-28 19:01:00,047: WARNING/ForkPoolWorker-1] 32
[2023-02-28 19:01:00,065: INFO/ForkPoolWorker-1] Task project.server.tasks.add[ff558044-a927-4598-80e3-6deacfc4f499] succeeded in 0.017672045998551766s: None
[2023-02-28 19:02:00,050: INFO/MainProcess] Task project.server.tasks.add[36f8de7b-6d7c-4b45-858b-d4a67a0c5d15] received
[2023-02-28 19:02:00,052: WARNING/ForkPoolWorker-1] 32
[2023-02-28 19:02:00,054: INFO/ForkPoolWorker-1] Task project.server.tasks.add[36f8de7b-6d7c-4b45-858b-d4a67a0c5d15] succeeded in 0.0014392299999599345s: None
[2023-02-28 19:03:00,053: INFO/MainProcess] Task project.server.tasks.add[d7a666ad-6b92-47e4-a97b-99d9c38c573a] received
[2023-02-28 19:03:00,055: WARNING/ForkPoolWorker-1] 32
[2023-02-28 19:03:00,057: INFO/ForkPoolWorker-1] Task project.server.tasks.add[d7a666ad-6b92-47e4-a97b-99d9c38c573a] succeeded in 0.001797380000425619s: None
[2023-02-28 19:04:00,059: INFO/MainProcess] Task project.server.tasks.add[696fabf6-0eae-4931-9148-5a5d581840bf] received
[2023-02-28 19:04:00,061: WARNING/ForkPoolWorker-1] 32
[2023-02-28 19:04:00,063: INFO/ForkPoolWorker-1] Task project.server.tasks.add[696fabf6-0eae-4931-9148-5a5d581840bf] succeeded in 0.0015155350010900293s: None
[2023-02-28 19:05:00,043: INFO/MainProcess] Task project.server.tasks.add[fae2f61d-13ee-401c-be16-298322639d47] received
[2023-02-28 19:05:00,045: WARNING/ForkPoolWorker-1] 32
[2023-02-28 19:05:00,046: INFO/ForkPoolWorker-1] Task project.server.tasks.add[fae2f61d-13ee-401c-be16-298322639d47] succeeded in 0.0013598149998870213s: None
[2023-02-28 19:06:00,053: INFO/MainProcess] Task project.server.tasks.add[604df4d1-8840-405a-b7aa-8856a84a4bb4] received
[2023-02-28 19:06:00,056: WARNING/ForkPoolWorker-1] 32
[2023-02-28 19:06:00,057: INFO/ForkPoolWorker-1] Task project.server.tasks.add[604df4d1-8840-405a-b7aa-8856a84a4bb4] succeeded in 0.001533713000753778s: None
[2023-02-28 19:07:00,010: INFO/MainProcess] Task project.server.tasks.add[8d3deacc-b1ff-4b8b-b1f4-11850ca04d65] received
[2023-02-28 19:07:00,012: WARNING/ForkPoolWorker-1] 32
[2023-02-28 19:07:00,013: INFO/ForkPoolWorker-1] Task project.server.tasks.add[8d3deacc-b1ff-4b8b-b1f4-11850ca04d65] succeeded in 0.0012736150001728674s: None
[2023-02-28 19:08:00,060: INFO/MainProcess] Task project.server.tasks.add[78a7e7a0-6121-476d-bff7-99f7b49609c2] received
[2023-02-28 19:08:00,062: WARNING/ForkPoolWorker-1] 32
[2023-02-28 19:08:00,064: INFO/ForkPoolWorker-1] Task project.server.tasks.add[78a7e7a0-6121-476d-bff7-99f7b49609c2] succeeded in 0.0014240129985410022s: None
[2023-02-28 19:09:00,054: INFO/MainProcess] Task project.server.tasks.add[826b658d-e19c-4b6c-ad75-1568a06d5f17] received
[2023-02-28 19:09:00,057: WARNING/ForkPoolWorker-1] 32
[2023-02-28 19:09:00,058: INFO/ForkPoolWorker-1] Task project.server.tasks.add[826b658d-e19c-4b6c-ad75-1568a06d5f17] succeeded in 0.0016495199997734744s: None
[2023-02-28 19:10:00,009: INFO/MainProcess] Task project.server.tasks.add[258efc71-2295-42a0-8ee6-6beaadb11170] received
[2023-02-28 19:10:00,011: WARNING/ForkPoolWorker-1] 32
[2023-02-28 19:10:00,013: INFO/ForkPoolWorker-1] Task project.server.tasks.add[258efc71-2295-42a0-8ee6-6beaadb11170] succeeded in 0.001438814999346505s: None
[2023-02-28 19:11:00,036: INFO/MainProcess] Task project.server.tasks.add[fc075ff1-a9ca-4843-affd-8ecc415482a6] received
[2023-02-28 19:11:00,038: WARNING/ForkPoolWorker-1] 32
[2023-02-28 19:11:00,039: INFO/ForkPoolWorker-1] Task project.server.tasks.add[fc075ff1-a9ca-4843-affd-8ecc415482a6] succeeded in 0.0014096119994064793s: None
[2023-02-28 19:12:00,036: INFO/MainProcess] Task project.server.tasks.add[b8a8e167-f5ab-49ce-bc88-24fd4a156080] received
[2023-02-28 19:12:00,038: WARNING/ForkPoolWorker-1] 32
[2023-02-28 19:12:00,039: INFO/ForkPoolWorker-1] Task project.server.tasks.add[b8a8e167-f5ab-49ce-bc88-24fd4a156080] succeeded in 0.0013199109998822678s: None
[2023-02-28 19:13:00,054: INFO/MainProcess] Task project.server.tasks.add[c663f26f-dabb-4506-a8e2-de7a8f0f20e8] received
[2023-02-28 19:13:00,056: WARNING/ForkPoolWorker-1] 32
[2023-02-28 19:13:00,058: INFO/ForkPoolWorker-1] Task project.server.tasks.add[c663f26f-dabb-4506-a8e2-de7a8f0f20e8] succeeded in 0.001568412999404245s: None
[2023-02-28 19:14:00,017: INFO/MainProcess] Task project.server.tasks.add[182b17d6-87dd-4f1e-bcbe-5cf5b6bfc2a1] received
[2023-02-28 19:14:00,019: WARNING/ForkPoolWorker-1] 32
[2023-02-28 19:14:00,020: INFO/ForkPoolWorker-1] Task project.server.tasks.add[182b17d6-87dd-4f1e-bcbe-5cf5b6bfc2a1] succeeded in 0.0014079109987505944s: None
[2023-02-28 19:15:00,007: INFO/MainProcess] Task project.server.tasks.add[4fb0dd4d-e43e-4ecf-ba9d-65214020682b] received
[2023-02-28 19:15:00,009: WARNING/ForkPoolWorker-1] 32
[2023-02-28 19:15:00,010: INFO/ForkPoolWorker-1] Task project.server.tasks.add[4fb0dd4d-e43e-4ecf-ba9d-65214020682b] succeeded in 0.0014162119987304322s: None
[2023-02-28 19:16:00,063: INFO/MainProcess] Task project.server.tasks.add[253c6256-f4bb-419c-8579-d7dec9a31bb5] received
[2023-02-28 19:16:00,066: WARNING/ForkPoolWorker-1] 32
[2023-02-28 19:16:00,067: INFO/ForkPoolWorker-1] Task project.server.tasks.add[253c6256-f4bb-419c-8579-d7dec9a31bb5] succeeded in 0.0013622290007333504s: None
[2023-02-28 19:17:00,004: INFO/MainProcess] Task project.server.tasks.add[0784739e-5189-4690-94da-b5776d5ae444] received
[2023-02-28 19:17:00,006: WARNING/ForkPoolWorker-1] 32
[2023-02-28 19:17:00,007: INFO/ForkPoolWorker-1] Task project.server.tasks.add[0784739e-5189-4690-94da-b5776d5ae444] succeeded in 0.001481093999245786s: None
[2023-02-28 19:18:00,043: INFO/MainProcess] Task project.server.tasks.add[840beb47-dc34-4a1f-80b0-5df1d5ccbf84] received
[2023-02-28 19:18:00,045: WARNING/ForkPoolWorker-1] 32
[2023-02-28 19:18:00,046: INFO/ForkPoolWorker-1] Task project.server.tasks.add[840beb47-dc34-4a1f-80b0-5df1d5ccbf84] succeeded in 0.0013253130000521196s: None
[2023-02-28 19:19:00,043: INFO/MainProcess] Task project.server.tasks.add[b2dc94b8-0aee-4af1-9b3a-9103b9a84d2c] received
[2023-02-28 19:19:00,045: WARNING/ForkPoolWorker-1] 32
[2023-02-28 19:19:00,047: INFO/ForkPoolWorker-1] Task project.server.tasks.add[b2dc94b8-0aee-4af1-9b3a-9103b9a84d2c] succeeded in 0.0014998090009612497s: None
[2023-02-28 19:20:00,055: INFO/MainProcess] Task project.server.tasks.add[1f0791d8-c505-4e63-bd0e-9099aaa60b8d] received
[2023-02-28 19:20:00,057: WARNING/ForkPoolWorker-1] 32
[2023-02-28 19:20:00,059: INFO/ForkPoolWorker-1] Task project.server.tasks.add[1f0791d8-c505-4e63-bd0e-9099aaa60b8d] succeeded in 0.0015601180002704496s: None
[2023-02-28 19:21:00,039: INFO/MainProcess] Task project.server.tasks.add[52f18048-985e-4a93-adec-120d6c3a3906] received
[2023-02-28 19:21:00,042: WARNING/ForkPoolWorker-1] 32
[2023-02-28 19:21:00,043: INFO/ForkPoolWorker-1] Task project.server.tasks.add[52f18048-985e-4a93-adec-120d6c3a3906] succeeded in 0.0015671490000386257s: None
[2023-02-28 19:22:00,048: INFO/MainProcess] Task project.server.tasks.add[f24b7ed1-429e-4f02-8856-1fa4a5c956fd] received
[2023-02-28 19:22:00,051: WARNING/ForkPoolWorker-1] 32
[2023-02-28 19:22:00,052: INFO/ForkPoolWorker-1] Task project.server.tasks.add[f24b7ed1-429e-4f02-8856-1fa4a5c956fd] succeeded in 0.0015138380003918428s: None
[2023-02-28 19:23:00,057: INFO/MainProcess] Task project.server.tasks.add[a9488ff0-83b3-490e-87a7-826a378d9ee1] received
[2023-02-28 19:23:00,059: WARNING/ForkPoolWorker-1] 32
[2023-02-28 19:23:00,060: INFO/ForkPoolWorker-1] Task project.server.tasks.add[a9488ff0-83b3-490e-87a7-826a378d9ee1] succeeded in 0.001617428999452386s: None
[2023-02-28 19:24:00,007: INFO/MainProcess] Task project.server.tasks.add[f58d7cce-c9a1-4a12-b390-1e315a503659] received
[2023-02-28 19:24:00,009: WARNING/ForkPoolWorker-1] 32
[2023-02-28 19:24:00,011: INFO/ForkPoolWorker-1] Task project.server.tasks.add[f58d7cce-c9a1-4a12-b390-1e315a503659] succeeded in 0.0015335269999923185s: None
[2023-02-28 19:25:00,054: INFO/MainProcess] Task project.server.tasks.add[6ee23bcb-32ae-459b-bce0-35fb07344dae] received
[2023-02-28 19:25:00,056: WARNING/ForkPoolWorker-1] 32
[2023-02-28 19:25:00,058: INFO/ForkPoolWorker-1] Task project.server.tasks.add[6ee23bcb-32ae-459b-bce0-35fb07344dae] succeeded in 0.0016265270005533239s: None
[2023-02-28 19:26:00,054: INFO/MainProcess] Task project.server.tasks.add[ecdbf1e1-fa58-4fa5-a0e6-d5a0761b379f] received
[2023-02-28 19:26:00,057: WARNING/ForkPoolWorker-1] 32
[2023-02-28 19:26:00,058: INFO/ForkPoolWorker-1] Task project.server.tasks.add[ecdbf1e1-fa58-4fa5-a0e6-d5a0761b379f] succeeded in 0.0017563279998284997s: None
[2023-02-28 19:27:00,022: INFO/MainProcess] Task project.server.tasks.add[7b4454df-e85a-48c2-84bd-f163d6932cb7] received
[2023-02-28 19:27:00,024: WARNING/ForkPoolWorker-1] 32
[2023-02-28 19:27:00,025: INFO/ForkPoolWorker-1] Task project.server.tasks.add[7b4454df-e85a-48c2-84bd-f163d6932cb7] succeeded in 0.001402320000124746s: None
[2023-02-28 19:28:00,030: INFO/MainProcess] Task project.server.tasks.add[fae15216-c9f9-41db-8f9a-53f4c8a07e82] received
[2023-02-28 19:28:00,032: WARNING/ForkPoolWorker-1] 32
[2023-02-28 19:28:00,033: INFO/ForkPoolWorker-1] Task project.server.tasks.add[fae15216-c9f9-41db-8f9a-53f4c8a07e82] succeeded in 0.0014050169993424788s: None
[2023-02-28 19:29:00,048: INFO/MainProcess] Task project.server.tasks.add[1347e092-91fa-45b2-ac90-fdad60b84917] received
[2023-02-28 19:29:00,050: WARNING/ForkPoolWorker-1] 32
[2023-02-28 19:29:00,052: INFO/ForkPoolWorker-1] Task project.server.tasks.add[1347e092-91fa-45b2-ac90-fdad60b84917] succeeded in 0.0015023270007077372s: None
[2023-02-28 19:30:00,057: INFO/MainProcess] Task project.server.tasks.add[f6e9c952-a616-4ffb-94e5-133d82e55278] received
[2023-02-28 19:30:00,059: WARNING/ForkPoolWorker-1] 32
[2023-02-28 19:30:00,060: INFO/ForkPoolWorker-1] Task project.server.tasks.add[f6e9c952-a616-4ffb-94e5-133d82e55278] succeeded in 0.0014921050005796133s: None
[2023-02-28 19:31:00,055: INFO/MainProcess] Task project.server.tasks.add[e9bbdbb9-b359-4280-87a2-a1a8012fbd31] received
[2023-02-28 19:31:00,057: WARNING/ForkPoolWorker-1] 32
[2023-02-28 19:31:00,059: INFO/ForkPoolWorker-1] Task project.server.tasks.add[e9bbdbb9-b359-4280-87a2-a1a8012fbd31] succeeded in 0.0014846199992462061s: None
[2023-02-28 19:32:00,020: INFO/MainProcess] Task project.server.tasks.add[00a6d969-cde3-48d9-927b-27522f5da88d] received
[2023-02-28 19:32:00,023: WARNING/ForkPoolWorker-1] 32
[2023-02-28 19:32:00,024: INFO/ForkPoolWorker-1] Task project.server.tasks.add[00a6d969-cde3-48d9-927b-27522f5da88d] succeeded in 0.0013216100014687981s: None
[2023-02-28 19:33:00,054: INFO/MainProcess] Task project.server.tasks.add[068adb38-b3a3-439a-9398-ed524ab00566] received
[2023-02-28 19:33:00,057: WARNING/ForkPoolWorker-1] 32
[2023-02-28 19:33:00,059: INFO/ForkPoolWorker-1] Task project.server.tasks.add[068adb38-b3a3-439a-9398-ed524ab00566] succeeded in 0.0017209460002050037s: None
[2023-02-28 19:34:00,031: INFO/MainProcess] Task project.server.tasks.add[613e6aad-a104-4104-8c32-e16b05edb185] received
[2023-02-28 19:34:00,033: WARNING/ForkPoolWorker-1] 32
[2023-02-28 19:34:00,034: INFO/ForkPoolWorker-1] Task project.server.tasks.add[613e6aad-a104-4104-8c32-e16b05edb185] succeeded in 0.0012387140013743192s: None
[2023-02-28 19:35:00,049: INFO/MainProcess] Task project.server.tasks.add[a6a6d751-76ec-4e4e-bb72-a3c22da96710] received
[2023-02-28 19:35:00,051: WARNING/ForkPoolWorker-1] 32
[2023-02-28 19:35:00,052: INFO/ForkPoolWorker-1] Task project.server.tasks.add[a6a6d751-76ec-4e4e-bb72-a3c22da96710] succeeded in 0.0015100170003279345s: None
[2023-02-28 19:36:00,055: INFO/MainProcess] Task project.server.tasks.add[807e50fd-492b-4377-b4c2-4f4431b55085] received
[2023-02-28 19:36:00,057: WARNING/ForkPoolWorker-1] 32
[2023-02-28 19:36:00,059: INFO/ForkPoolWorker-1] Task project.server.tasks.add[807e50fd-492b-4377-b4c2-4f4431b55085] succeeded in 0.0014442910014622612s: None
[2023-02-28 19:37:00,064: INFO/MainProcess] Task project.server.tasks.add[c2fa47ef-a97b-476d-9085-fd6f07333d6b] received
[2023-02-28 19:37:00,066: WARNING/ForkPoolWorker-1] 32
[2023-02-28 19:37:00,067: INFO/ForkPoolWorker-1] Task project.server.tasks.add[c2fa47ef-a97b-476d-9085-fd6f07333d6b] succeeded in 0.0013518349987862166s: None
[2023-02-28 19:38:00,053: INFO/MainProcess] Task project.server.tasks.add[6fe52791-cee1-4ea0-8c51-63f40cf0e52a] received
[2023-02-28 19:38:00,056: WARNING/ForkPoolWorker-1] 32
[2023-02-28 19:38:00,057: INFO/ForkPoolWorker-1] Task project.server.tasks.add[6fe52791-cee1-4ea0-8c51-63f40cf0e52a] succeeded in 0.001446415000827983s: None
[2023-02-28 19:39:00,018: INFO/MainProcess] Task project.server.tasks.add[f3b79ed3-dfcc-4ca4-8d66-30ee4af72d85] received
[2023-02-28 19:39:00,020: WARNING/ForkPoolWorker-1] 32
[2023-02-28 19:39:00,022: INFO/ForkPoolWorker-1] Task project.server.tasks.add[f3b79ed3-dfcc-4ca4-8d66-30ee4af72d85] succeeded in 0.0014551019994542003s: None
[2023-02-28 19:40:00,018: INFO/MainProcess] Task project.server.tasks.add[14b96cc0-70c3-4051-8625-99d4d52aa341] received
[2023-02-28 19:40:00,020: WARNING/ForkPoolWorker-1] 32
[2023-02-28 19:40:00,021: INFO/ForkPoolWorker-1] Task project.server.tasks.add[14b96cc0-70c3-4051-8625-99d4d52aa341] succeeded in 0.0012730119997286238s: None
[2023-02-28 19:41:00,062: INFO/MainProcess] Task project.server.tasks.add[d13a60e3-7821-4e89-b2bb-d822c994d552] received
[2023-02-28 19:41:00,064: WARNING/ForkPoolWorker-1] 32
[2023-02-28 19:41:00,065: INFO/ForkPoolWorker-1] Task project.server.tasks.add[d13a60e3-7821-4e89-b2bb-d822c994d552] succeeded in 0.0012651099987124326s: None
[2023-02-28 19:42:00,004: INFO/MainProcess] Task project.server.tasks.add[9d82a7e1-4c96-45b2-bd70-18e5c0315345] received
[2023-02-28 19:42:00,007: WARNING/ForkPoolWorker-1] 32
[2023-02-28 19:42:00,008: INFO/ForkPoolWorker-1] Task project.server.tasks.add[9d82a7e1-4c96-45b2-bd70-18e5c0315345] succeeded in 0.0013620049994642613s: None
[2023-02-28 19:43:00,054: INFO/MainProcess] Task project.server.tasks.add[c3a0bbce-8f4e-4a32-afb6-a77ca4deb46b] received
[2023-02-28 19:43:00,057: WARNING/ForkPoolWorker-1] 32
[2023-02-28 19:43:00,058: INFO/ForkPoolWorker-1] Task project.server.tasks.add[c3a0bbce-8f4e-4a32-afb6-a77ca4deb46b] succeeded in 0.0014351160007208819s: None
[2023-02-28 19:44:00,027: INFO/MainProcess] Task project.server.tasks.add[32914cbe-07c2-4531-9dc3-4bef772dab13] received
[2023-02-28 19:44:00,029: WARNING/ForkPoolWorker-1] 32
[2023-02-28 19:44:00,030: INFO/ForkPoolWorker-1] Task project.server.tasks.add[32914cbe-07c2-4531-9dc3-4bef772dab13] succeeded in 0.0014190060010150773s: None
[2023-02-28 19:45:00,041: INFO/MainProcess] Task project.server.tasks.add[e042b1be-0d49-4439-957c-ef0adda8bc11] received
[2023-02-28 19:45:00,044: WARNING/ForkPoolWorker-1] 32
[2023-02-28 19:45:00,045: INFO/ForkPoolWorker-1] Task project.server.tasks.add[e042b1be-0d49-4439-957c-ef0adda8bc11] succeeded in 0.0015309829996112967s: None
[2023-02-28 19:46:00,045: INFO/MainProcess] Task project.server.tasks.add[b72d161c-30f1-41d1-a9dc-63b8f25a8b62] received
[2023-02-28 19:46:00,048: WARNING/ForkPoolWorker-1] 32
[2023-02-28 19:46:00,049: INFO/ForkPoolWorker-1] Task project.server.tasks.add[b72d161c-30f1-41d1-a9dc-63b8f25a8b62] succeeded in 0.0016190570004255278s: None
[2023-02-28 19:47:00,055: INFO/MainProcess] Task project.server.tasks.add[f03a073c-01bc-45c6-843f-28fd3e198167] received
[2023-02-28 19:47:00,058: WARNING/ForkPoolWorker-1] 32
[2023-02-28 19:47:00,059: INFO/ForkPoolWorker-1] Task project.server.tasks.add[f03a073c-01bc-45c6-843f-28fd3e198167] succeeded in 0.0016588980015512789s: None
[2023-02-28 19:48:00,057: INFO/MainProcess] Task project.server.tasks.add[d357ee85-29fd-457d-b7ee-17248ad70aa2] received
[2023-02-28 19:48:00,059: WARNING/ForkPoolWorker-1] 32
[2023-02-28 19:48:00,061: INFO/ForkPoolWorker-1] Task project.server.tasks.add[d357ee85-29fd-457d-b7ee-17248ad70aa2] succeeded in 0.0015841189997445326s: None
[2023-02-28 19:49:00,003: INFO/MainProcess] Task project.server.tasks.add[51362058-b1d8-43a4-8fcd-d4b979c52c05] received
[2023-02-28 19:49:00,005: WARNING/ForkPoolWorker-1] 32
[2023-02-28 19:49:00,006: INFO/ForkPoolWorker-1] Task project.server.tasks.add[51362058-b1d8-43a4-8fcd-d4b979c52c05] succeeded in 0.0013602130002254853s: None
[2023-02-28 19:50:00,042: INFO/MainProcess] Task project.server.tasks.add[1f3025db-fe15-4f6e-b812-91447e4748c6] received
[2023-02-28 19:50:00,044: WARNING/ForkPoolWorker-1] 32
[2023-02-28 19:50:00,046: INFO/ForkPoolWorker-1] Task project.server.tasks.add[1f3025db-fe15-4f6e-b812-91447e4748c6] succeeded in 0.0015452160005224869s: None
[2023-02-28 19:51:00,012: INFO/MainProcess] Task project.server.tasks.add[c8d95af9-3cdb-414a-9a1d-c3be82fdf597] received
[2023-02-28 19:51:00,015: WARNING/ForkPoolWorker-1] 32
[2023-02-28 19:51:00,016: INFO/ForkPoolWorker-1] Task project.server.tasks.add[c8d95af9-3cdb-414a-9a1d-c3be82fdf597] succeeded in 0.0012999939990550047s: None
[2023-02-28 19:52:00,064: INFO/MainProcess] Task project.server.tasks.add[c53fd782-a9cc-493b-bdab-fa17ae6bfecf] received
[2023-02-28 19:52:00,067: WARNING/ForkPoolWorker-1] 32
[2023-02-28 19:52:00,068: INFO/ForkPoolWorker-1] Task project.server.tasks.add[c53fd782-a9cc-493b-bdab-fa17ae6bfecf] succeeded in 0.0014769150002393872s: None
[2023-02-28 19:53:00,054: INFO/MainProcess] Task project.server.tasks.add[f11ab25c-62fd-483f-b8fb-ae947b21e527] received
[2023-02-28 19:53:00,057: WARNING/ForkPoolWorker-1] 32
[2023-02-28 19:53:00,058: INFO/ForkPoolWorker-1] Task project.server.tasks.add[f11ab25c-62fd-483f-b8fb-ae947b21e527] succeeded in 0.0014544979985657847s: None
[2023-02-28 19:54:00,041: INFO/MainProcess] Task project.server.tasks.add[06467713-e4ee-4234-9cfc-26373d14ab6a] received
[2023-02-28 19:54:00,043: WARNING/ForkPoolWorker-1] 32
[2023-02-28 19:54:00,045: INFO/ForkPoolWorker-1] Task project.server.tasks.add[06467713-e4ee-4234-9cfc-26373d14ab6a] succeeded in 0.0014195229996403214s: None
[2023-02-28 19:55:00,006: INFO/MainProcess] Task project.server.tasks.add[faabd2b0-0f47-43f4-8f9c-27b6808b8b97] received
[2023-02-28 19:55:00,008: WARNING/ForkPoolWorker-1] 32
[2023-02-28 19:55:00,009: INFO/ForkPoolWorker-1] Task project.server.tasks.add[faabd2b0-0f47-43f4-8f9c-27b6808b8b97] succeeded in 0.0012621059995581163s: None
[2023-02-28 19:56:00,065: INFO/MainProcess] Task project.server.tasks.add[7e76de58-cb80-4d0b-92f1-28b533f4ab95] received
[2023-02-28 19:56:00,066: WARNING/ForkPoolWorker-1] 32
[2023-02-28 19:56:00,068: INFO/ForkPoolWorker-1] Task project.server.tasks.add[7e76de58-cb80-4d0b-92f1-28b533f4ab95] succeeded in 0.0013887060013075825s: None
[2023-02-28 19:57:00,045: INFO/MainProcess] Task project.server.tasks.add[3f6c12e8-2720-4d08-abaf-c142ce722f0a] received
[2023-02-28 19:57:00,048: WARNING/ForkPoolWorker-1] 32
[2023-02-28 19:57:00,049: INFO/ForkPoolWorker-1] Task project.server.tasks.add[3f6c12e8-2720-4d08-abaf-c142ce722f0a] succeeded in 0.001512398999693687s: None
[2023-02-28 19:58:00,056: INFO/MainProcess] Task project.server.tasks.add[af13d20b-0550-47db-8dff-3702fe0271b1] received
[2023-02-28 19:58:00,058: WARNING/ForkPoolWorker-1] 32
[2023-02-28 19:58:00,060: INFO/ForkPoolWorker-1] Task project.server.tasks.add[af13d20b-0550-47db-8dff-3702fe0271b1] succeeded in 0.0015677499995945254s: None
[2023-02-28 19:59:00,046: INFO/MainProcess] Task project.server.tasks.add[0e1db976-0f5b-49ae-a153-a7d09197b1b9] received
[2023-02-28 19:59:00,049: WARNING/ForkPoolWorker-1] 32
[2023-02-28 19:59:00,050: INFO/ForkPoolWorker-1] Task project.server.tasks.add[0e1db976-0f5b-49ae-a153-a7d09197b1b9] succeeded in 0.001547692998428829s: None
[2023-02-28 20:00:00,060: INFO/MainProcess] Task project.server.tasks.add[5c8904c2-c73d-4550-9e31-c608c9b98077] received
[2023-02-28 20:00:00,063: WARNING/ForkPoolWorker-1] 32
[2023-02-28 20:00:00,064: INFO/ForkPoolWorker-1] Task project.server.tasks.add[5c8904c2-c73d-4550-9e31-c608c9b98077] succeeded in 0.0014996949994383613s: None
[2023-02-28 20:01:00,046: INFO/MainProcess] Task project.server.tasks.add[abfc7738-2bd9-46a4-9146-265f37fbdb82] received
[2023-02-28 20:01:00,047: WARNING/ForkPoolWorker-1] 32
[2023-02-28 20:01:00,049: INFO/ForkPoolWorker-1] Task project.server.tasks.add[abfc7738-2bd9-46a4-9146-265f37fbdb82] succeeded in 0.0013613019982585683s: None
[2023-02-28 20:02:00,054: INFO/MainProcess] Task project.server.tasks.add[2c0ad7b6-22a2-42fb-9def-fc01fff4962d] received
[2023-02-28 20:02:00,056: WARNING/ForkPoolWorker-1] 32
[2023-02-28 20:02:00,057: INFO/ForkPoolWorker-1] Task project.server.tasks.add[2c0ad7b6-22a2-42fb-9def-fc01fff4962d] succeeded in 0.0014229070002329536s: None
[2023-02-28 20:03:00,009: INFO/MainProcess] Task project.server.tasks.add[1133c1a3-76f3-499e-8be7-a943904dba73] received
[2023-02-28 20:03:00,011: WARNING/ForkPoolWorker-1] 32
[2023-02-28 20:03:00,012: INFO/ForkPoolWorker-1] Task project.server.tasks.add[1133c1a3-76f3-499e-8be7-a943904dba73] succeeded in 0.001288809000470792s: None
[2023-02-28 20:04:00,053: INFO/MainProcess] Task project.server.tasks.add[f40cd980-c5b8-46a0-9197-1d27b225b7aa] received
[2023-02-28 20:04:00,055: WARNING/ForkPoolWorker-1] 32
[2023-02-28 20:04:00,056: INFO/ForkPoolWorker-1] Task project.server.tasks.add[f40cd980-c5b8-46a0-9197-1d27b225b7aa] succeeded in 0.001429412001016317s: None
[2023-02-28 20:05:00,054: INFO/MainProcess] Task project.server.tasks.add[f01b8728-66b8-47b8-add8-52b826b72518] received
[2023-02-28 20:05:00,056: WARNING/ForkPoolWorker-1] 32
[2023-02-28 20:05:00,057: INFO/ForkPoolWorker-1] Task project.server.tasks.add[f01b8728-66b8-47b8-add8-52b826b72518] succeeded in 0.0013029090005147737s: None
[2023-02-28 20:06:00,054: INFO/MainProcess] Task project.server.tasks.add[86f28360-a4fc-4b46-b8fc-5b8080d84b0f] received
[2023-02-28 20:06:00,056: WARNING/ForkPoolWorker-1] 32
[2023-02-28 20:06:00,057: INFO/ForkPoolWorker-1] Task project.server.tasks.add[86f28360-a4fc-4b46-b8fc-5b8080d84b0f] succeeded in 0.0014399089996004477s: None
[2023-02-28 20:07:00,063: INFO/MainProcess] Task project.server.tasks.add[2f189ee6-22a7-41d0-b18d-5d4fb961e7e0] received
[2023-02-28 20:07:00,065: WARNING/ForkPoolWorker-1] 32
[2023-02-28 20:07:00,066: INFO/ForkPoolWorker-1] Task project.server.tasks.add[2f189ee6-22a7-41d0-b18d-5d4fb961e7e0] succeeded in 0.001572209999721963s: None
[2023-02-28 20:08:00,037: INFO/MainProcess] Task project.server.tasks.add[1a2664f2-f35b-46a2-bf5a-20011051a596] received
[2023-02-28 20:08:00,039: WARNING/ForkPoolWorker-1] 32
[2023-02-28 20:08:00,041: INFO/ForkPoolWorker-1] Task project.server.tasks.add[1a2664f2-f35b-46a2-bf5a-20011051a596] succeeded in 0.0013773089995083865s: None
[2023-02-28 20:09:00,053: INFO/MainProcess] Task project.server.tasks.add[c0231819-a789-4460-bcf5-53bda23f33d8] received
[2023-02-28 20:09:00,055: WARNING/ForkPoolWorker-1] 32
[2023-02-28 20:09:00,056: INFO/ForkPoolWorker-1] Task project.server.tasks.add[c0231819-a789-4460-bcf5-53bda23f33d8] succeeded in 0.001566106999234762s: None
[2023-02-28 20:10:00,024: INFO/MainProcess] Task project.server.tasks.add[8c5e9c93-cb64-4177-bd90-1d1aa694070f] received
[2023-02-28 20:10:00,027: WARNING/ForkPoolWorker-1] 32
[2023-02-28 20:10:00,028: INFO/ForkPoolWorker-1] Task project.server.tasks.add[8c5e9c93-cb64-4177-bd90-1d1aa694070f] succeeded in 0.0014686200011055917s: None
[2023-02-28 20:11:00,057: INFO/MainProcess] Task project.server.tasks.add[4cefa07c-5edb-4385-8d20-61f4c2a5f8e9] received
[2023-02-28 20:11:00,059: WARNING/ForkPoolWorker-1] 32
[2023-02-28 20:11:00,060: INFO/ForkPoolWorker-1] Task project.server.tasks.add[4cefa07c-5edb-4385-8d20-61f4c2a5f8e9] succeeded in 0.0014605090000259224s: None
[2023-02-28 20:12:00,053: INFO/MainProcess] Task project.server.tasks.add[5efa6d22-dad0-475e-b270-2f60e671aac9] received
[2023-02-28 20:12:00,055: WARNING/ForkPoolWorker-1] 32
[2023-02-28 20:12:00,056: INFO/ForkPoolWorker-1] Task project.server.tasks.add[5efa6d22-dad0-475e-b270-2f60e671aac9] succeeded in 0.0014598159996239701s: None
[2023-02-28 20:13:00,054: INFO/MainProcess] Task project.server.tasks.add[f604326d-de0f-4427-9f3b-4f634a6911a8] received
[2023-02-28 20:13:00,057: WARNING/ForkPoolWorker-1] 32
[2023-02-28 20:13:00,058: INFO/ForkPoolWorker-1] Task project.server.tasks.add[f604326d-de0f-4427-9f3b-4f634a6911a8] succeeded in 0.0014575069999409607s: None
[2023-02-28 20:14:00,052: INFO/MainProcess] Task project.server.tasks.add[dcd1fcd9-2882-4793-a9a0-0ca46e6b7c06] received
[2023-02-28 20:14:00,055: WARNING/ForkPoolWorker-1] 32
[2023-02-28 20:14:00,056: INFO/ForkPoolWorker-1] Task project.server.tasks.add[dcd1fcd9-2882-4793-a9a0-0ca46e6b7c06] succeeded in 0.001554209000460105s: None
[2023-02-28 20:15:00,053: INFO/MainProcess] Task project.server.tasks.add[a7bd176e-7e7e-4d6d-a3e1-098f658064da] received
[2023-02-28 20:15:00,055: WARNING/ForkPoolWorker-1] 32
[2023-02-28 20:15:00,057: INFO/ForkPoolWorker-1] Task project.server.tasks.add[a7bd176e-7e7e-4d6d-a3e1-098f658064da] succeeded in 0.0016286090012727072s: None
[2023-02-28 20:16:00,052: INFO/MainProcess] Task project.server.tasks.add[e9234702-18ed-42b6-b822-639fc9216476] received
[2023-02-28 20:16:00,055: WARNING/ForkPoolWorker-1] 32
[2023-02-28 20:16:00,056: INFO/ForkPoolWorker-1] Task project.server.tasks.add[e9234702-18ed-42b6-b822-639fc9216476] succeeded in 0.0015934179991745623s: None
[2023-02-28 20:17:00,013: INFO/MainProcess] Task project.server.tasks.add[5b7744e1-4b50-4ed3-b7b4-0ae5f7ceadf1] received
[2023-02-28 20:17:00,014: WARNING/ForkPoolWorker-1] 32
[2023-02-28 20:17:00,016: INFO/ForkPoolWorker-1] Task project.server.tasks.add[5b7744e1-4b50-4ed3-b7b4-0ae5f7ceadf1] succeeded in 0.00134991400045692s: None
[2023-02-28 20:18:00,003: INFO/MainProcess] Task project.server.tasks.add[59bce149-ae88-43ca-aed2-5eb7d528c55a] received
[2023-02-28 20:18:00,005: WARNING/ForkPoolWorker-1] 32
[2023-02-28 20:18:00,007: INFO/ForkPoolWorker-1] Task project.server.tasks.add[59bce149-ae88-43ca-aed2-5eb7d528c55a] succeeded in 0.0014749139991181437s: None
[2023-02-28 20:19:00,049: INFO/MainProcess] Task project.server.tasks.add[b66d7413-0c22-4979-b126-e2cff868deed] received
[2023-02-28 20:19:00,050: WARNING/ForkPoolWorker-1] 32
[2023-02-28 20:19:00,052: INFO/ForkPoolWorker-1] Task project.server.tasks.add[b66d7413-0c22-4979-b126-e2cff868deed] succeeded in 0.0013684120003745193s: None
[2023-02-28 20:20:00,054: INFO/MainProcess] Task project.server.tasks.add[39bfe115-4f21-4fdb-9d89-3ae3cf5eb0db] received
[2023-02-28 20:20:00,056: WARNING/ForkPoolWorker-1] 32
[2023-02-28 20:20:00,057: INFO/ForkPoolWorker-1] Task project.server.tasks.add[39bfe115-4f21-4fdb-9d89-3ae3cf5eb0db] succeeded in 0.0012966129997948883s: None
[2023-02-28 20:21:00,058: INFO/MainProcess] Task project.server.tasks.add[e61ac0c7-6264-4142-84c1-bdae36f8b19d] received
[2023-02-28 20:21:00,060: WARNING/ForkPoolWorker-1] 32
[2023-02-28 20:21:00,061: INFO/ForkPoolWorker-1] Task project.server.tasks.add[e61ac0c7-6264-4142-84c1-bdae36f8b19d] succeeded in 0.0013231979992269771s: None
[2023-02-28 20:22:00,053: INFO/MainProcess] Task project.server.tasks.add[bc55a256-b2f3-4837-b79c-bb6f81951bcd] received
[2023-02-28 20:22:00,055: WARNING/ForkPoolWorker-1] 32
[2023-02-28 20:22:00,056: INFO/ForkPoolWorker-1] Task project.server.tasks.add[bc55a256-b2f3-4837-b79c-bb6f81951bcd] succeeded in 0.0013440029997582315s: None
[2023-02-28 20:23:00,053: INFO/MainProcess] Task project.server.tasks.add[51d64ab1-ae48-4a21-9b9b-7f7903b22ab6] received
[2023-02-28 20:23:00,055: WARNING/ForkPoolWorker-1] 32
[2023-02-28 20:23:00,056: INFO/ForkPoolWorker-1] Task project.server.tasks.add[51d64ab1-ae48-4a21-9b9b-7f7903b22ab6] succeeded in 0.001204904998303391s: None
[2023-02-28 20:24:00,048: INFO/MainProcess] Task project.server.tasks.add[6d56ad0d-a281-4fd3-a839-e0689c8c91ff] received
[2023-02-28 20:24:00,050: WARNING/ForkPoolWorker-1] 32
[2023-02-28 20:24:00,051: INFO/ForkPoolWorker-1] Task project.server.tasks.add[6d56ad0d-a281-4fd3-a839-e0689c8c91ff] succeeded in 0.0014565080000465969s: None
[2023-02-28 20:25:00,050: INFO/MainProcess] Task project.server.tasks.add[4ccd1a5c-0d01-48cc-a85f-f6ce24108410] received
[2023-02-28 20:25:00,053: WARNING/ForkPoolWorker-1] 32
[2023-02-28 20:25:00,055: INFO/ForkPoolWorker-1] Task project.server.tasks.add[4ccd1a5c-0d01-48cc-a85f-f6ce24108410] succeeded in 0.0016100209995784098s: None
[2023-02-28 20:26:00,048: INFO/MainProcess] Task project.server.tasks.add[00aa039d-2ecd-4d4c-8531-ece6ab318092] received
[2023-02-28 20:26:00,050: WARNING/ForkPoolWorker-1] 32
[2023-02-28 20:26:00,052: INFO/ForkPoolWorker-1] Task project.server.tasks.add[00aa039d-2ecd-4d4c-8531-ece6ab318092] succeeded in 0.0015356130006694002s: None
[2023-02-28 20:27:00,054: INFO/MainProcess] Task project.server.tasks.add[f62a8686-6b61-476f-b9d8-a93e2693cb77] received
[2023-02-28 20:27:00,056: WARNING/ForkPoolWorker-1] 32
[2023-02-28 20:27:00,058: INFO/ForkPoolWorker-1] Task project.server.tasks.add[f62a8686-6b61-476f-b9d8-a93e2693cb77] succeeded in 0.001461211999412626s: None
[2023-02-28 20:28:00,059: INFO/MainProcess] Task project.server.tasks.add[b820340a-47e6-45db-a7cf-70690b65114a] received
[2023-02-28 20:28:00,062: WARNING/ForkPoolWorker-1] 32
[2023-02-28 20:28:00,064: INFO/ForkPoolWorker-1] Task project.server.tasks.add[b820340a-47e6-45db-a7cf-70690b65114a] succeeded in 0.0017122150002251146s: None
[2023-02-28 20:37:49,439: INFO/MainProcess] Connected to redis://redis:6379/0
[2023-02-28 20:37:49,445: INFO/MainProcess] mingle: searching for neighbors
[2023-02-28 20:37:50,497: INFO/MainProcess] mingle: all alone
[2023-02-28 20:37:50,546: INFO/MainProcess] celery@04f094919914 ready.
[2023-02-28 20:37:53,370: INFO/MainProcess] Events of group {task} enabled by remote.
[2023-02-28 20:39:37,462: INFO/MainProcess] Connected to redis://redis:6379/0
[2023-02-28 20:39:37,467: INFO/MainProcess] mingle: searching for neighbors
[2023-02-28 20:39:38,531: INFO/MainProcess] mingle: all alone
[2023-02-28 20:39:38,583: INFO/MainProcess] celery@04f094919914 ready.
[2023-02-28 20:39:45,039: INFO/MainProcess] Events of group {task} enabled by remote.
[2023-02-28 20:48:20,729: INFO/MainProcess] Connected to redis://redis:6379/0
[2023-02-28 20:48:20,744: INFO/MainProcess] mingle: searching for neighbors
[2023-02-28 20:48:21,772: INFO/MainProcess] mingle: all alone
[2023-02-28 20:48:21,853: INFO/MainProcess] celery@230762c257cf ready.
[2023-02-28 20:48:22,445: INFO/MainProcess] sync with SMARSHEET_GET_ALL_SHEETS@b4f89af80db4
[2023-02-28 20:48:28,097: INFO/MainProcess] Events of group {task} enabled by remote.
[2023-02-28 20:50:38,193: INFO/MainProcess] Connected to redis://redis:6379/0
[2023-02-28 20:50:38,203: INFO/MainProcess] mingle: searching for neighbors
[2023-02-28 20:50:39,227: INFO/MainProcess] mingle: all alone
[2023-02-28 20:50:39,275: INFO/MainProcess] celery@7482e5cf0b33 ready.
[2023-02-28 20:50:44,143: INFO/MainProcess] Events of group {task} enabled by remote.
[2023-02-28 20:51:47,998: INFO/MainProcess] Connected to redis://redis:6379/0
[2023-02-28 20:51:48,004: INFO/MainProcess] mingle: searching for neighbors
[2023-02-28 20:51:49,026: INFO/MainProcess] mingle: all alone
[2023-02-28 20:51:49,074: INFO/MainProcess] celery@f1687a3337cf ready.
[2023-02-28 20:51:49,204: INFO/MainProcess] Task project.server.tasks.add[0522bbd6-c64a-428d-a0a6-f651051d1517] received
[2023-02-28 20:51:49,207: WARNING/ForkPoolWorker-1] 32
[2023-02-28 20:51:49,213: INFO/ForkPoolWorker-1] Task project.server.tasks.add[0522bbd6-c64a-428d-a0a6-f651051d1517] succeeded in 0.005823430000191365s: None
[2023-02-28 20:51:53,944: INFO/MainProcess] Events of group {task} enabled by remote.
[2023-02-28 20:52:00,004: INFO/MainProcess] Task project.server.tasks.add[827aa53d-5027-4a1f-9cd9-69b36aa6a1f1] received
[2023-02-28 20:52:00,006: WARNING/ForkPoolWorker-1] 32
[2023-02-28 20:52:00,007: INFO/ForkPoolWorker-1] Task project.server.tasks.add[827aa53d-5027-4a1f-9cd9-69b36aa6a1f1] succeeded in 0.001501093000115361s: None
[2023-02-28 20:53:00,054: INFO/MainProcess] Task project.server.tasks.add[69859007-aa13-40a3-a185-3fb5427becd2] received
[2023-02-28 20:53:00,057: WARNING/ForkPoolWorker-1] 32
[2023-02-28 20:53:00,058: INFO/ForkPoolWorker-1] Task project.server.tasks.add[69859007-aa13-40a3-a185-3fb5427becd2] succeeded in 0.0016472069999053929s: None
[2023-02-28 20:54:00,046: INFO/MainProcess] Task project.server.tasks.add[dc2669d5-0b06-4f28-b280-ca512ee5ee1e] received
[2023-02-28 20:54:00,048: WARNING/ForkPoolWorker-1] 32
[2023-02-28 20:54:00,049: INFO/ForkPoolWorker-1] Task project.server.tasks.add[dc2669d5-0b06-4f28-b280-ca512ee5ee1e] succeeded in 0.0015708329999597481s: None
[2023-02-28 20:55:00,064: INFO/MainProcess] Task project.server.tasks.add[17a9c0a2-acc5-4434-8b55-2a84c51d8454] received
[2023-02-28 20:55:00,067: WARNING/ForkPoolWorker-1] 32
[2023-02-28 20:55:00,069: INFO/ForkPoolWorker-1] Task project.server.tasks.add[17a9c0a2-acc5-4434-8b55-2a84c51d8454] succeeded in 0.0016856699999152625s: None
[2023-02-28 20:56:00,073: INFO/MainProcess] Task project.server.tasks.add[206aed68-3886-4318-b24a-38611558d557] received
[2023-02-28 20:56:00,076: WARNING/ForkPoolWorker-1] 32
[2023-02-28 20:56:00,078: INFO/ForkPoolWorker-1] Task project.server.tasks.add[206aed68-3886-4318-b24a-38611558d557] succeeded in 0.002312947000064014s: None
[2023-02-28 20:57:00,052: INFO/MainProcess] Task project.server.tasks.add[eff34bf8-400a-4a59-84ed-fbcba687ae73] received
[2023-02-28 20:57:00,054: WARNING/ForkPoolWorker-1] 32
[2023-02-28 20:57:00,055: INFO/ForkPoolWorker-1] Task project.server.tasks.add[eff34bf8-400a-4a59-84ed-fbcba687ae73] succeeded in 0.0016086169998743571s: None
[2023-02-28 20:58:00,031: INFO/MainProcess] Task project.server.tasks.add[64a74b26-2d4f-45db-8693-0c955e407216] received
[2023-02-28 20:58:00,034: WARNING/ForkPoolWorker-1] 32
[2023-02-28 20:58:00,035: INFO/ForkPoolWorker-1] Task project.server.tasks.add[64a74b26-2d4f-45db-8693-0c955e407216] succeeded in 0.0016623989999970945s: None
[2023-02-28 20:59:00,061: INFO/MainProcess] Task project.server.tasks.add[4a32c1a2-f527-4efd-9215-8de4955afbc1] received
[2023-02-28 20:59:00,063: WARNING/ForkPoolWorker-1] 32
[2023-02-28 20:59:00,065: INFO/ForkPoolWorker-1] Task project.server.tasks.add[4a32c1a2-f527-4efd-9215-8de4955afbc1] succeeded in 0.001662460000034116s: None
[2023-02-28 21:00:00,055: INFO/MainProcess] Task project.server.tasks.add[1fdeb508-a412-4a60-92fa-971232805f27] received
[2023-02-28 21:00:00,057: WARNING/ForkPoolWorker-1] 32
[2023-02-28 21:00:00,058: INFO/ForkPoolWorker-1] Task project.server.tasks.add[1fdeb508-a412-4a60-92fa-971232805f27] succeeded in 0.0014864009999655536s: None
[2023-02-28 21:01:00,007: INFO/MainProcess] Task project.server.tasks.add[252080f4-485d-409a-9ebf-3f0322a95254] received
[2023-02-28 21:01:00,010: WARNING/ForkPoolWorker-1] 32
[2023-02-28 21:01:00,011: INFO/ForkPoolWorker-1] Task project.server.tasks.add[252080f4-485d-409a-9ebf-3f0322a95254] succeeded in 0.001543403999903603s: None
[2023-02-28 21:01:25,069: INFO/MainProcess] Connected to redis://redis:6379/0
[2023-02-28 21:01:25,077: INFO/MainProcess] mingle: searching for neighbors
[2023-02-28 21:01:26,100: INFO/MainProcess] mingle: all alone
[2023-02-28 21:01:26,146: INFO/MainProcess] celery@f1687a3337cf ready.
[2023-02-28 21:01:31,108: INFO/MainProcess] Events of group {task} enabled by remote.
[2023-02-28 21:02:00,095: INFO/MainProcess] Task project.server.tasks.add[13a59c3b-8d5b-4d7d-b78f-e39343c3d35d] received
[2023-02-28 21:02:00,098: WARNING/ForkPoolWorker-1] 32
[2023-02-28 21:02:00,103: INFO/ForkPoolWorker-1] Task project.server.tasks.add[13a59c3b-8d5b-4d7d-b78f-e39343c3d35d] succeeded in 0.0052961799999593495s: None
[2023-02-28 21:03:00,004: INFO/MainProcess] Task project.server.tasks.add[7e59b7c8-a773-4181-8053-ca79377ef372] received
[2023-02-28 21:03:00,006: WARNING/ForkPoolWorker-1] 32
[2023-02-28 21:03:00,008: INFO/ForkPoolWorker-1] Task project.server.tasks.add[7e59b7c8-a773-4181-8053-ca79377ef372] succeeded in 0.0017545079999763402s: None
[2023-02-28 21:04:00,053: INFO/MainProcess] Task project.server.tasks.add[6c395c60-0b21-42c5-a4a2-d52bcaf99652] received
[2023-02-28 21:04:00,056: WARNING/ForkPoolWorker-1] 32
[2023-02-28 21:04:00,058: INFO/ForkPoolWorker-1] Task project.server.tasks.add[6c395c60-0b21-42c5-a4a2-d52bcaf99652] succeeded in 0.001734104999968622s: None
[2023-02-28 21:05:00,034: INFO/MainProcess] Task project.server.tasks.add[5e63ec9d-0ccb-41c0-b671-cf4d583da590] received
[2023-02-28 21:05:00,037: WARNING/ForkPoolWorker-1] 32
[2023-02-28 21:05:00,039: INFO/ForkPoolWorker-1] Task project.server.tasks.add[5e63ec9d-0ccb-41c0-b671-cf4d583da590] succeeded in 0.0018743989999165933s: None
[2023-02-28 21:06:00,053: INFO/MainProcess] Task project.server.tasks.add[bc26a2bf-ab76-481d-945c-c07e5407f609] received
[2023-02-28 21:06:00,055: WARNING/ForkPoolWorker-1] 32
[2023-02-28 21:06:00,057: INFO/ForkPoolWorker-1] Task project.server.tasks.add[bc26a2bf-ab76-481d-945c-c07e5407f609] succeeded in 0.00159685299990997s: None
[2023-02-28 21:07:00,061: INFO/MainProcess] Task project.server.tasks.add[0a36b0d3-f252-4299-9549-db1571ce63e4] received
[2023-02-28 21:07:00,063: WARNING/ForkPoolWorker-1] 32
[2023-02-28 21:07:00,065: INFO/ForkPoolWorker-1] Task project.server.tasks.add[0a36b0d3-f252-4299-9549-db1571ce63e4] succeeded in 0.0015713080001660273s: None
[2023-02-28 21:08:00,058: INFO/MainProcess] Task project.server.tasks.add[1b69b08f-5699-4b37-86ce-f2789a5eb232] received
[2023-02-28 21:08:00,060: WARNING/ForkPoolWorker-1] 32
[2023-02-28 21:08:00,062: INFO/ForkPoolWorker-1] Task project.server.tasks.add[1b69b08f-5699-4b37-86ce-f2789a5eb232] succeeded in 0.001737993999995524s: None
[2023-02-28 21:09:00,006: INFO/MainProcess] Task project.server.tasks.add[81c53b00-588d-4aca-97d9-5c227b10163d] received
[2023-02-28 21:09:00,008: WARNING/ForkPoolWorker-1] 32
[2023-02-28 21:09:00,010: INFO/ForkPoolWorker-1] Task project.server.tasks.add[81c53b00-588d-4aca-97d9-5c227b10163d] succeeded in 0.0015198559999589634s: None
[2023-02-28 21:10:00,028: INFO/MainProcess] Task project.server.tasks.add[cadbc655-7d56-4703-b1e4-ba7be543294c] received
[2023-02-28 21:10:00,030: WARNING/ForkPoolWorker-1] 32
[2023-02-28 21:10:00,031: INFO/ForkPoolWorker-1] Task project.server.tasks.add[cadbc655-7d56-4703-b1e4-ba7be543294c] succeeded in 0.0016640699996059993s: None
[2023-02-28 21:11:00,036: INFO/MainProcess] Task project.server.tasks.add[6ffd4894-e599-4e7d-a14b-af44267606f9] received
[2023-02-28 21:11:00,038: WARNING/ForkPoolWorker-1] 32
[2023-02-28 21:11:00,039: INFO/ForkPoolWorker-1] Task project.server.tasks.add[6ffd4894-e599-4e7d-a14b-af44267606f9] succeeded in 0.0015082499999152787s: None
[2023-02-28 21:12:00,012: INFO/MainProcess] Task project.server.tasks.add[723759df-6653-485a-83fc-21f87051d808] received
[2023-02-28 21:12:00,015: WARNING/ForkPoolWorker-1] 32
[2023-02-28 21:12:00,016: INFO/ForkPoolWorker-1] Task project.server.tasks.add[723759df-6653-485a-83fc-21f87051d808] succeeded in 0.0015905469999779598s: None
[2023-02-28 21:13:00,029: INFO/MainProcess] Task project.server.tasks.add[5733cc46-3848-4800-b241-f9adb7749828] received
[2023-02-28 21:13:00,031: WARNING/ForkPoolWorker-1] 32
[2023-02-28 21:13:00,033: INFO/ForkPoolWorker-1] Task project.server.tasks.add[5733cc46-3848-4800-b241-f9adb7749828] succeeded in 0.0015603819997522805s: None
[2023-02-28 21:14:00,026: INFO/MainProcess] Task project.server.tasks.add[2e7fc33a-3e57-4dfe-97b4-9dc97d8c6191] received
[2023-02-28 21:14:00,028: WARNING/ForkPoolWorker-1] 32
[2023-02-28 21:14:00,030: INFO/ForkPoolWorker-1] Task project.server.tasks.add[2e7fc33a-3e57-4dfe-97b4-9dc97d8c6191] succeeded in 0.0017084639998756757s: None
[2023-02-28 21:15:00,035: INFO/MainProcess] Task project.server.tasks.add[bad86198-2e39-4d4e-9eeb-b0b0028937c0] received
[2023-02-28 21:15:00,037: WARNING/ForkPoolWorker-1] 32
[2023-02-28 21:15:00,039: INFO/ForkPoolWorker-1] Task project.server.tasks.add[bad86198-2e39-4d4e-9eeb-b0b0028937c0] succeeded in 0.0014652109998678498s: None
[2023-02-28 21:54:10,350: INFO/MainProcess] Connected to redis://redis:6379/0
[2023-02-28 21:54:10,359: INFO/MainProcess] mingle: searching for neighbors
[2023-02-28 21:54:11,371: INFO/MainProcess] mingle: all alone
[2023-02-28 21:54:11,391: INFO/MainProcess] celery@fe23eef02f07 ready.
[2023-02-28 21:54:11,432: INFO/MainProcess] Task project.server.tasks.add[1df6cc34-c4f6-4447-ac9e-75a4f5db8e1e] received
[2023-02-28 21:54:11,434: WARNING/ForkPoolWorker-1] 32
[2023-02-28 21:54:11,439: INFO/ForkPoolWorker-1] Task project.server.tasks.add[1df6cc34-c4f6-4447-ac9e-75a4f5db8e1e] succeeded in 0.005606369999441085s: None
[2023-02-28 21:54:15,956: INFO/MainProcess] Events of group {task} enabled by remote.
[2023-02-28 21:55:20,414: INFO/MainProcess] Connected to redis://redis:6379/0
[2023-02-28 21:55:20,422: INFO/MainProcess] mingle: searching for neighbors
[2023-02-28 21:55:21,438: INFO/MainProcess] mingle: all alone
[2023-02-28 21:55:21,458: INFO/MainProcess] celery@fe23eef02f07 ready.
[2023-02-28 21:55:21,540: INFO/MainProcess] Task project.server.tasks.add[3ad3fdd4-43bf-4459-b53f-3ef6036b5f50] received
[2023-02-28 21:55:21,542: WARNING/ForkPoolWorker-1] 32
[2023-02-28 21:55:21,548: INFO/ForkPoolWorker-1] Task project.server.tasks.add[3ad3fdd4-43bf-4459-b53f-3ef6036b5f50] succeeded in 0.006113206000009086s: None
[2023-02-28 21:55:25,960: INFO/MainProcess] Events of group {task} enabled by remote.
[2023-02-28 21:56:00,032: INFO/MainProcess] Task project.server.tasks.add[aaaf9a2e-725f-4be2-b36a-fabde656c810] received
[2023-02-28 21:56:00,035: WARNING/ForkPoolWorker-1] 32
[2023-02-28 21:56:00,036: INFO/ForkPoolWorker-1] Task project.server.tasks.add[aaaf9a2e-725f-4be2-b36a-fabde656c810] succeeded in 0.0016367030002584215s: None
[2023-02-28 21:57:00,021: INFO/MainProcess] Task project.server.tasks.add[951ad661-bb22-4b7c-90cc-b1ffa6560dd9] received
[2023-02-28 21:57:00,023: WARNING/ForkPoolWorker-1] 32
[2023-02-28 21:57:00,025: INFO/ForkPoolWorker-1] Task project.server.tasks.add[951ad661-bb22-4b7c-90cc-b1ffa6560dd9] succeeded in 0.0014848050004729885s: None
[2023-02-28 21:58:00,056: INFO/MainProcess] Task project.server.tasks.add[1594b729-1c23-43a3-aaf5-533291896e1e] received
[2023-02-28 21:58:00,058: WARNING/ForkPoolWorker-1] 32
[2023-02-28 21:58:00,059: INFO/ForkPoolWorker-1] Task project.server.tasks.add[1594b729-1c23-43a3-aaf5-533291896e1e] succeeded in 0.0014440659997490002s: None
[2023-02-28 21:59:00,028: INFO/MainProcess] Task project.server.tasks.add[99d3f592-10c3-427b-9aff-c60c01fc4a30] received
[2023-02-28 21:59:00,031: WARNING/ForkPoolWorker-1] 32
[2023-02-28 21:59:00,032: INFO/ForkPoolWorker-1] Task project.server.tasks.add[99d3f592-10c3-427b-9aff-c60c01fc4a30] succeeded in 0.001585875999808195s: None
[2023-02-28 22:00:00,054: INFO/MainProcess] Task project.server.tasks.add[91bf495b-0c8b-4623-9862-e8e4e6c7ca04] received
[2023-02-28 22:00:00,056: WARNING/ForkPoolWorker-1] 32
[2023-02-28 22:00:00,058: INFO/ForkPoolWorker-1] Task project.server.tasks.add[91bf495b-0c8b-4623-9862-e8e4e6c7ca04] succeeded in 0.0014730869997947593s: None
[2023-02-28 22:01:00,038: INFO/MainProcess] Task project.server.tasks.add[23d15873-f8ea-4ee1-9fe2-1376258da73d] received
[2023-02-28 22:01:00,041: WARNING/ForkPoolWorker-1] 32
[2023-02-28 22:01:00,042: INFO/ForkPoolWorker-1] Task project.server.tasks.add[23d15873-f8ea-4ee1-9fe2-1376258da73d] succeeded in 0.0015901959995971993s: None
[2023-02-28 22:02:00,039: INFO/MainProcess] Task project.server.tasks.add[0979e9e5-5b60-4571-a973-ee7d800f36ff] received
[2023-02-28 22:02:00,041: WARNING/ForkPoolWorker-1] 32
[2023-02-28 22:02:00,042: INFO/ForkPoolWorker-1] Task project.server.tasks.add[0979e9e5-5b60-4571-a973-ee7d800f36ff] succeeded in 0.0015550930002063978s: None
[2023-02-28 22:03:00,055: INFO/MainProcess] Task project.server.tasks.add[4734866d-4851-449a-a245-ffb51a63b32e] received
[2023-02-28 22:03:00,057: WARNING/ForkPoolWorker-1] 32
[2023-02-28 22:03:00,058: INFO/ForkPoolWorker-1] Task project.server.tasks.add[4734866d-4851-449a-a245-ffb51a63b32e] succeeded in 0.001360273000500456s: None
[2023-02-28 22:04:00,035: INFO/MainProcess] Task project.server.tasks.add[eba2ec28-d0f9-437e-b6e9-f040bdb2d533] received
[2023-02-28 22:04:00,037: WARNING/ForkPoolWorker-1] 32
[2023-02-28 22:04:00,039: INFO/ForkPoolWorker-1] Task project.server.tasks.add[eba2ec28-d0f9-437e-b6e9-f040bdb2d533] succeeded in 0.0017241700006707106s: None
[2023-02-28 22:05:00,058: INFO/MainProcess] Task project.server.tasks.add[9427cdef-c2cf-468b-aa5b-cfeefd965383] received
[2023-02-28 22:05:00,060: WARNING/ForkPoolWorker-1] 32
[2023-02-28 22:05:00,062: INFO/ForkPoolWorker-1] Task project.server.tasks.add[9427cdef-c2cf-468b-aa5b-cfeefd965383] succeeded in 0.0014403859995582025s: None
[2023-02-28 22:06:00,049: INFO/MainProcess] Task project.server.tasks.add[71913128-7ff0-4309-b6a8-ffd50522d91c] received
[2023-02-28 22:06:00,051: WARNING/ForkPoolWorker-1] 32
[2023-02-28 22:06:00,053: INFO/ForkPoolWorker-1] Task project.server.tasks.add[71913128-7ff0-4309-b6a8-ffd50522d91c] succeeded in 0.0016650299994580564s: None
[2023-02-28 22:07:00,011: INFO/MainProcess] Task project.server.tasks.add[249a40e9-fa23-40be-b554-846573286543] received
[2023-02-28 22:07:00,013: WARNING/ForkPoolWorker-1] 32
[2023-02-28 22:07:00,015: INFO/ForkPoolWorker-1] Task project.server.tasks.add[249a40e9-fa23-40be-b554-846573286543] succeeded in 0.00158395800008293s: None
[2023-02-28 22:08:00,055: INFO/MainProcess] Task project.server.tasks.add[0f67cd6f-912d-44b7-9e06-463e7cad6902] received
[2023-02-28 22:08:00,057: WARNING/ForkPoolWorker-1] 32
[2023-02-28 22:08:00,059: INFO/ForkPoolWorker-1] Task project.server.tasks.add[0f67cd6f-912d-44b7-9e06-463e7cad6902] succeeded in 0.0015563650003969087s: None
[2023-02-28 22:09:00,005: INFO/MainProcess] Task project.server.tasks.add[d0d517cc-a0ea-482d-a348-1fc27e9095f1] received
[2023-02-28 22:09:00,015: WARNING/ForkPoolWorker-1] 32
[2023-02-28 22:09:00,017: INFO/ForkPoolWorker-1] Task project.server.tasks.add[d0d517cc-a0ea-482d-a348-1fc27e9095f1] succeeded in 0.0014337330003399984s: None
[2023-02-28 22:10:00,055: INFO/MainProcess] Task project.server.tasks.add[e61ddd75-6639-476e-be16-ed5d7efb84d7] received
[2023-02-28 22:10:00,057: WARNING/ForkPoolWorker-1] 32
[2023-02-28 22:10:00,059: INFO/ForkPoolWorker-1] Task project.server.tasks.add[e61ddd75-6639-476e-be16-ed5d7efb84d7] succeeded in 0.0016533669995624223s: None
[2023-02-28 22:11:00,005: INFO/MainProcess] Task project.server.tasks.add[7816ba7d-b19f-4f39-af72-0757e1fdd05e] received
[2023-02-28 22:11:00,008: WARNING/ForkPoolWorker-1] 32
[2023-02-28 22:11:00,010: INFO/ForkPoolWorker-1] Task project.server.tasks.add[7816ba7d-b19f-4f39-af72-0757e1fdd05e] succeeded in 0.0016932199996517738s: None
[2023-02-28 22:12:00,053: INFO/MainProcess] Task project.server.tasks.add[c3db19ae-826e-4898-9ac8-7864a4843086] received
[2023-02-28 22:12:00,056: WARNING/ForkPoolWorker-1] 32
[2023-02-28 22:12:00,057: INFO/ForkPoolWorker-1] Task project.server.tasks.add[c3db19ae-826e-4898-9ac8-7864a4843086] succeeded in 0.0015046759999677306s: None
[2023-02-28 22:13:00,006: INFO/MainProcess] Task project.server.tasks.add[6b408a2e-9530-4eac-b426-ee4540269921] received
[2023-02-28 22:13:00,009: WARNING/ForkPoolWorker-1] 32
[2023-02-28 22:13:00,010: INFO/ForkPoolWorker-1] Task project.server.tasks.add[6b408a2e-9530-4eac-b426-ee4540269921] succeeded in 0.001437126999917382s: None
[2023-02-28 22:14:00,056: INFO/MainProcess] Task project.server.tasks.add[e7871365-35ef-4c15-9e4e-f2668e23929c] received
[2023-02-28 22:14:00,058: WARNING/ForkPoolWorker-1] 32
[2023-02-28 22:14:00,060: INFO/ForkPoolWorker-1] Task project.server.tasks.add[e7871365-35ef-4c15-9e4e-f2668e23929c] succeeded in 0.0015505599994867225s: None
[2023-02-28 22:15:00,052: INFO/MainProcess] Task project.server.tasks.add[e35a0cfe-ffe8-44e4-84d8-4682a7c02579] received
[2023-02-28 22:15:00,055: WARNING/ForkPoolWorker-1] 32
[2023-02-28 22:15:00,056: INFO/ForkPoolWorker-1] Task project.server.tasks.add[e35a0cfe-ffe8-44e4-84d8-4682a7c02579] succeeded in 0.0017154139995909645s: None
[2023-02-28 22:16:00,005: INFO/MainProcess] Task project.server.tasks.add[7040a720-3799-4c0f-9144-e7a640bbcc1b] received
[2023-02-28 22:16:00,008: WARNING/ForkPoolWorker-1] 32
[2023-02-28 22:16:00,010: INFO/ForkPoolWorker-1] Task project.server.tasks.add[7040a720-3799-4c0f-9144-e7a640bbcc1b] succeeded in 0.0024776459995337063s: None
[2023-02-28 22:17:00,010: INFO/MainProcess] Task project.server.tasks.add[55288efc-e72f-4f44-a8d9-4c478c59e32d] received
[2023-02-28 22:17:00,012: WARNING/ForkPoolWorker-1] 32
[2023-02-28 22:17:00,014: INFO/ForkPoolWorker-1] Task project.server.tasks.add[55288efc-e72f-4f44-a8d9-4c478c59e32d] succeeded in 0.0016826270002638921s: None
[2023-02-28 22:18:00,022: INFO/MainProcess] Task project.server.tasks.add[4299958e-22a4-4909-9aeb-a59fd9b7893c] received
[2023-02-28 22:18:00,025: WARNING/ForkPoolWorker-1] 32
[2023-02-28 22:18:00,026: INFO/ForkPoolWorker-1] Task project.server.tasks.add[4299958e-22a4-4909-9aeb-a59fd9b7893c] succeeded in 0.001471500000661763s: None
[2023-02-28 22:19:00,055: INFO/MainProcess] Task project.server.tasks.add[e28c00ec-7c8a-4510-ad3e-3a584e75ca24] received
[2023-02-28 22:19:00,057: WARNING/ForkPoolWorker-1] 32
[2023-02-28 22:19:00,059: INFO/ForkPoolWorker-1] Task project.server.tasks.add[e28c00ec-7c8a-4510-ad3e-3a584e75ca24] succeeded in 0.0016739220000090427s: None
[2023-02-28 22:20:00,050: INFO/MainProcess] Task project.server.tasks.add[17bba3fa-768a-49b1-a420-15c74e6f2f49] received
[2023-02-28 22:20:00,053: WARNING/ForkPoolWorker-1] 32
[2023-02-28 22:20:00,055: INFO/ForkPoolWorker-1] Task project.server.tasks.add[17bba3fa-768a-49b1-a420-15c74e6f2f49] succeeded in 0.0017032079995260574s: None
[2023-02-28 22:21:00,050: INFO/MainProcess] Task project.server.tasks.add[d1270d32-17f4-4b07-a924-078982ee033d] received
[2023-02-28 22:21:00,053: WARNING/ForkPoolWorker-1] 32
[2023-02-28 22:21:00,054: INFO/ForkPoolWorker-1] Task project.server.tasks.add[d1270d32-17f4-4b07-a924-078982ee033d] succeeded in 0.0013389660007305793s: None
[2023-02-28 22:22:00,024: INFO/MainProcess] Task project.server.tasks.add[0b8f2c1b-05a3-48e1-a0fe-589390ccbc56] received
[2023-02-28 22:22:00,027: WARNING/ForkPoolWorker-1] 32
[2023-02-28 22:22:00,028: INFO/ForkPoolWorker-1] Task project.server.tasks.add[0b8f2c1b-05a3-48e1-a0fe-589390ccbc56] succeeded in 0.0015526050001426484s: None
[2023-02-28 22:23:00,057: INFO/MainProcess] Task project.server.tasks.add[78f4aa49-d1bc-453c-a291-7ad9c8b081f1] received
[2023-02-28 22:23:00,059: WARNING/ForkPoolWorker-1] 32
[2023-02-28 22:23:00,060: INFO/ForkPoolWorker-1] Task project.server.tasks.add[78f4aa49-d1bc-453c-a291-7ad9c8b081f1] succeeded in 0.0013332490007087472s: None
[2023-02-28 22:24:00,029: INFO/MainProcess] Task project.server.tasks.add[4ddc0703-bcf6-4cc0-a1bf-77e817c09a4f] received
[2023-02-28 22:24:00,032: WARNING/ForkPoolWorker-1] 32
[2023-02-28 22:24:00,033: INFO/ForkPoolWorker-1] Task project.server.tasks.add[4ddc0703-bcf6-4cc0-a1bf-77e817c09a4f] succeeded in 0.0016128150000440655s: None
[2023-02-28 22:25:00,004: INFO/MainProcess] Task project.server.tasks.add[83c48e98-c37d-43bd-b5d5-10a058279161] received
[2023-02-28 22:25:00,007: WARNING/ForkPoolWorker-1] 32
[2023-02-28 22:25:00,008: INFO/ForkPoolWorker-1] Task project.server.tasks.add[83c48e98-c37d-43bd-b5d5-10a058279161] succeeded in 0.0015891660004854202s: None
[2023-02-28 22:26:00,009: INFO/MainProcess] Task project.server.tasks.add[af5a9881-083f-4384-bf66-2601dd954bf3] received
[2023-02-28 22:26:00,011: WARNING/ForkPoolWorker-1] 32
[2023-02-28 22:26:00,013: INFO/ForkPoolWorker-1] Task project.server.tasks.add[af5a9881-083f-4384-bf66-2601dd954bf3] succeeded in 0.0015650280001864303s: None
[2023-02-28 22:27:00,039: INFO/MainProcess] Task project.server.tasks.add[ac924d0a-ad7a-454c-9f35-8260ff16f52f] received
[2023-02-28 22:27:00,042: WARNING/ForkPoolWorker-1] 32
[2023-02-28 22:27:00,044: INFO/ForkPoolWorker-1] Task project.server.tasks.add[ac924d0a-ad7a-454c-9f35-8260ff16f52f] succeeded in 0.001973716000065906s: None
[2023-02-28 22:28:00,006: INFO/MainProcess] Task project.server.tasks.add[8940d99c-224d-484d-82a0-72b75b2c060f] received
[2023-02-28 22:28:00,009: WARNING/ForkPoolWorker-1] 32
[2023-02-28 22:28:00,011: INFO/ForkPoolWorker-1] Task project.server.tasks.add[8940d99c-224d-484d-82a0-72b75b2c060f] succeeded in 0.0018808029999490827s: None
[2023-02-28 22:29:00,054: INFO/MainProcess] Task project.server.tasks.add[f0e37502-5017-4fcd-ac43-1ab6406fafdd] received
[2023-02-28 22:29:00,056: WARNING/ForkPoolWorker-1] 32
[2023-02-28 22:29:00,057: INFO/ForkPoolWorker-1] Task project.server.tasks.add[f0e37502-5017-4fcd-ac43-1ab6406fafdd] succeeded in 0.0014402730002984754s: None
[2023-02-28 22:30:00,053: INFO/MainProcess] Task project.server.tasks.add[064a9a50-e237-4062-9f79-666cea1a7071] received
[2023-02-28 22:30:00,055: WARNING/ForkPoolWorker-1] 32
[2023-02-28 22:30:00,057: INFO/ForkPoolWorker-1] Task project.server.tasks.add[064a9a50-e237-4062-9f79-666cea1a7071] succeeded in 0.0016596220002611517s: None
[2023-02-28 22:31:00,005: INFO/MainProcess] Task project.server.tasks.add[86e2bab5-c318-4028-af60-e6e62b14d125] received
[2023-02-28 22:31:00,007: WARNING/ForkPoolWorker-1] 32
[2023-02-28 22:31:00,009: INFO/ForkPoolWorker-1] Task project.server.tasks.add[86e2bab5-c318-4028-af60-e6e62b14d125] succeeded in 0.0016571739997743862s: None
[2023-02-28 22:32:00,035: INFO/MainProcess] Task project.server.tasks.add[85f28cab-6b6e-4ed8-8a35-0b29fe401869] received
[2023-02-28 22:32:00,038: WARNING/ForkPoolWorker-1] 32
[2023-02-28 22:32:00,039: INFO/ForkPoolWorker-1] Task project.server.tasks.add[85f28cab-6b6e-4ed8-8a35-0b29fe401869] succeeded in 0.001620779000404582s: None
[2023-02-28 22:33:00,047: INFO/MainProcess] Task project.server.tasks.add[123126df-2708-4946-9405-9f5fbe9ddcc4] received
[2023-02-28 22:33:00,050: WARNING/ForkPoolWorker-1] 32
[2023-02-28 22:33:00,051: INFO/ForkPoolWorker-1] Task project.server.tasks.add[123126df-2708-4946-9405-9f5fbe9ddcc4] succeeded in 0.0015614849999110447s: None
[2023-02-28 22:34:00,064: INFO/MainProcess] Task project.server.tasks.add[eec02c5a-3d09-4f00-a092-4c015d092eac] received
[2023-02-28 22:34:00,066: WARNING/ForkPoolWorker-1] 32
[2023-02-28 22:34:00,070: INFO/ForkPoolWorker-1] Task project.server.tasks.add[eec02c5a-3d09-4f00-a092-4c015d092eac] succeeded in 0.003428402000281494s: None
